{"meta": {"format": 3, "version": "7.9.1", "timestamp": "2025-06-22T14:24:29.193395", "branch_coverage": false, "show_contexts": false}, "files": {"app/__init__.py": {"executed_lines": [0], "summary": {"covered_lines": 0, "num_statements": 0, "percent_covered": 100.0, "percent_covered_display": "100", "missing_lines": 0, "excluded_lines": 0}, "missing_lines": [], "excluded_lines": [], "functions": {"": {"executed_lines": [], "summary": {"covered_lines": 0, "num_statements": 0, "percent_covered": 100.0, "percent_covered_display": "100", "missing_lines": 0, "excluded_lines": 0}, "missing_lines": [], "excluded_lines": []}}, "classes": {"": {"executed_lines": [], "summary": {"covered_lines": 0, "num_statements": 0, "percent_covered": 100.0, "percent_covered_display": "100", "missing_lines": 0, "excluded_lines": 0}, "missing_lines": [], "excluded_lines": []}}}, "app/agents/__init__.py": {"executed_lines": [0], "summary": {"covered_lines": 0, "num_statements": 0, "percent_covered": 100.0, "percent_covered_display": "100", "missing_lines": 0, "excluded_lines": 0}, "missing_lines": [], "excluded_lines": [], "functions": {"": {"executed_lines": [], "summary": {"covered_lines": 0, "num_statements": 0, "percent_covered": 100.0, "percent_covered_display": "100", "missing_lines": 0, "excluded_lines": 0}, "missing_lines": [], "excluded_lines": []}}, "classes": {"": {"executed_lines": [], "summary": {"covered_lines": 0, "num_statements": 0, "percent_covered": 100.0, "percent_covered_display": "100", "missing_lines": 0, "excluded_lines": 0}, "missing_lines": [], "excluded_lines": []}}}, "app/agents/agent_calculator_tool.py": {"executed_lines": [1, 2, 3, 4, 5, 6, 8, 11, 13, 15, 16, 20, 21, 26, 36, 47, 48, 51, 52, 53, 54, 55, 56, 57, 58, 59, 63, 64, 65, 67, 68, 71, 72, 83, 84, 85, 93, 94, 96, 98, 99, 134, 135, 136, 137, 142, 143, 144, 145, 148, 149, 151, 153, 155, 156, 168, 170, 171, 172, 173, 175, 176, 177, 180, 181, 182, 183, 185, 186, 187, 189, 190, 191, 198, 200, 201, 202, 204, 207, 210, 213, 216, 218, 228, 229, 232, 234, 236, 238, 240, 242, 244, 247, 249, 250, 251, 252, 254, 255, 272, 273, 274, 278, 279, 282, 291, 292, 293, 294, 297, 298, 299, 304, 305, 307, 308, 309, 310, 319, 322, 323, 324, 325, 327, 329, 333, 334, 335, 337, 340, 343, 347, 348, 349, 350, 351, 354, 356, 357, 359, 360, 362, 363, 365, 369, 370, 372, 382, 383, 386, 389, 390, 392, 402, 403, 406, 409, 410], "summary": {"covered_lines": 157, "num_statements": 193, "percent_covered": 81.34715025906736, "percent_covered_display": "81", "missing_lines": 36, "excluded_lines": 0}, "missing_lines": [60, 61, 62, 138, 139, 178, 179, 184, 192, 193, 194, 196, 197, 199, 205, 223, 224, 226, 230, 275, 276, 311, 312, 313, 314, 315, 316, 318, 328, 330, 338, 339, 341, 342, 344, 345], "excluded_lines": [], "functions": {"AgentCalculatorTool._replace_number_words_with_digits": {"executed_lines": [26, 36, 47, 48, 51, 67, 68], "summary": {"covered_lines": 7, "num_statements": 7, "percent_covered": 100.0, "percent_covered_display": "100", "missing_lines": 0, "excluded_lines": 0}, "missing_lines": [], "excluded_lines": []}, "AgentCalculatorTool._replace_number_words_with_digits.convert_cardinals": {"executed_lines": [52, 53, 54, 55, 56, 57, 58, 59, 63, 64, 65], "summary": {"covered_lines": 11, "num_statements": 14, "percent_covered": 78.57142857142857, "percent_covered_display": "79", "missing_lines": 3, "excluded_lines": 0}, "missing_lines": [60, 61, 62], "excluded_lines": []}, "AgentCalculatorTool.normalize_root_phrases_to_expressions": {"executed_lines": [83, 84, 85, 93, 94, 96], "summary": {"covered_lines": 6, "num_statements": 6, "percent_covered": 100.0, "percent_covered_display": "100", "missing_lines": 0, "excluded_lines": 0}, "missing_lines": [], "excluded_lines": []}, "AgentCalculatorTool.calculate": {"executed_lines": [134, 135, 136, 137, 142, 143, 144, 145, 148, 149, 151, 153, 155, 156, 168, 170, 171, 172, 173, 175, 176, 177, 180, 181, 182, 183, 185, 186, 187, 189, 190, 191, 198, 200, 201, 202, 204, 207, 210, 213, 216, 218, 228, 229, 232, 234, 236, 238, 240, 242, 244, 247, 249, 250, 251, 252], "summary": {"covered_lines": 56, "num_statements": 72, "percent_covered": 77.77777777777777, "percent_covered_display": "78", "missing_lines": 16, "excluded_lines": 0}, "missing_lines": [138, 139, 178, 179, 184, 192, 193, 194, 196, 197, 199, 205, 223, 224, 226, 230], "excluded_lines": []}, "AgentCalculatorTool.interpret_calculation_results": {"executed_lines": [272, 273, 274, 278, 279, 282, 291, 292, 293, 294, 297, 298, 299, 304, 305, 307, 308, 309, 310, 319, 322, 323, 324, 325, 327, 329, 333, 334, 335, 337, 340, 343, 347, 348, 349, 350, 351, 354, 356, 357, 359, 360, 362, 363, 365], "summary": {"covered_lines": 45, "num_statements": 62, "percent_covered": 72.58064516129032, "percent_covered_display": "73", "missing_lines": 17, "excluded_lines": 0}, "missing_lines": [275, 276, 311, 312, 313, 314, 315, 316, 318, 328, 330, 338, 339, 341, 342, 344, 345], "excluded_lines": []}, "get_calculator_tool": {"executed_lines": [382, 383, 386, 389, 390], "summary": {"covered_lines": 5, "num_statements": 5, "percent_covered": 100.0, "percent_covered_display": "100", "missing_lines": 0, "excluded_lines": 0}, "missing_lines": [], "excluded_lines": []}, "get_interpreter_tool": {"executed_lines": [402, 403, 406, 409, 410], "summary": {"covered_lines": 5, "num_statements": 5, "percent_covered": 100.0, "percent_covered_display": "100", "missing_lines": 0, "excluded_lines": 0}, "missing_lines": [], "excluded_lines": []}, "": {"executed_lines": [1, 2, 3, 4, 5, 6, 8, 11, 13, 15, 16, 20, 21, 71, 72, 98, 99, 254, 255, 369, 370, 372, 392], "summary": {"covered_lines": 22, "num_statements": 22, "percent_covered": 100.0, "percent_covered_display": "100", "missing_lines": 0, "excluded_lines": 0}, "missing_lines": [], "excluded_lines": []}}, "classes": {"AgentCalculatorTool": {"executed_lines": [26, 36, 47, 48, 51, 52, 53, 54, 55, 56, 57, 58, 59, 63, 64, 65, 67, 68, 83, 84, 85, 93, 94, 96, 134, 135, 136, 137, 142, 143, 144, 145, 148, 149, 151, 153, 155, 156, 168, 170, 171, 172, 173, 175, 176, 177, 180, 181, 182, 183, 185, 186, 187, 189, 190, 191, 198, 200, 201, 202, 204, 207, 210, 213, 216, 218, 228, 229, 232, 234, 236, 238, 240, 242, 244, 247, 249, 250, 251, 252, 272, 273, 274, 278, 279, 282, 291, 292, 293, 294, 297, 298, 299, 304, 305, 307, 308, 309, 310, 319, 322, 323, 324, 325, 327, 329, 333, 334, 335, 337, 340, 343, 347, 348, 349, 350, 351, 354, 356, 357, 359, 360, 362, 363, 365], "summary": {"covered_lines": 125, "num_statements": 161, "percent_covered": 77.63975155279503, "percent_covered_display": "78", "missing_lines": 36, "excluded_lines": 0}, "missing_lines": [60, 61, 62, 138, 139, 178, 179, 184, 192, 193, 194, 196, 197, 199, 205, 223, 224, 226, 230, 275, 276, 311, 312, 313, 314, 315, 316, 318, 328, 330, 338, 339, 341, 342, 344, 345], "excluded_lines": []}, "": {"executed_lines": [1, 2, 3, 4, 5, 6, 8, 11, 13, 15, 16, 20, 21, 71, 72, 98, 99, 254, 255, 369, 370, 372, 382, 383, 386, 389, 390, 392, 402, 403, 406, 409, 410], "summary": {"covered_lines": 32, "num_statements": 32, "percent_covered": 100.0, "percent_covered_display": "100", "missing_lines": 0, "excluded_lines": 0}, "missing_lines": [], "excluded_lines": []}}}, "app/agents/agent_interface.py": {"executed_lines": [], "summary": {"covered_lines": 0, "num_statements": 58, "percent_covered": 0.0, "percent_covered_display": "0", "missing_lines": 58, "excluded_lines": 0}, "missing_lines": [1, 2, 3, 4, 6, 8, 10, 16, 18, 22, 25, 27, 35, 36, 39, 41, 43, 45, 47, 56, 57, 60, 61, 64, 65, 68, 69, 70, 72, 74, 79, 81, 82, 83, 84, 86, 97, 100, 101, 102, 105, 107, 108, 111, 112, 114, 115, 117, 127, 128, 129, 131, 138, 140, 147, 149, 150, 153], "excluded_lines": [], "functions": {"AgentInterface.__init__": {"executed_lines": [], "summary": {"covered_lines": 0, "num_statements": 3, "percent_covered": 0.0, "percent_covered_display": "0", "missing_lines": 3, "excluded_lines": 0}, "missing_lines": [18, 22, 25], "excluded_lines": []}, "AgentInterface.register_base_agent": {"executed_lines": [], "summary": {"covered_lines": 0, "num_statements": 6, "percent_covered": 0.0, "percent_covered_display": "0", "missing_lines": 6, "excluded_lines": 0}, "missing_lines": [35, 36, 39, 41, 43, 45], "excluded_lines": []}, "AgentInterface.setup_conversation": {"executed_lines": [], "summary": {"covered_lines": 0, "num_statements": 16, "percent_covered": 0.0, "percent_covered_display": "0", "missing_lines": 16, "excluded_lines": 0}, "missing_lines": [56, 57, 60, 61, 64, 65, 68, 69, 70, 72, 74, 79, 81, 82, 83, 84], "excluded_lines": []}, "AgentInterface.get_agent": {"executed_lines": [], "summary": {"covered_lines": 0, "num_statements": 11, "percent_covered": 0.0, "percent_covered_display": "0", "missing_lines": 11, "excluded_lines": 0}, "missing_lines": [97, 100, 101, 102, 105, 107, 108, 111, 112, 114, 115], "excluded_lines": []}, "AgentInterface.get_agent_types": {"executed_lines": [], "summary": {"covered_lines": 0, "num_statements": 3, "percent_covered": 0.0, "percent_covered_display": "0", "missing_lines": 3, "excluded_lines": 0}, "missing_lines": [127, 128, 129], "excluded_lines": []}, "AgentInterface.get_agent_descriptions": {"executed_lines": [], "summary": {"covered_lines": 0, "num_statements": 1, "percent_covered": 0.0, "percent_covered_display": "0", "missing_lines": 1, "excluded_lines": 0}, "missing_lines": [138], "excluded_lines": []}, "AgentInterface.cleanup_conversation": {"executed_lines": [], "summary": {"covered_lines": 0, "num_statements": 3, "percent_covered": 0.0, "percent_covered_display": "0", "missing_lines": 3, "excluded_lines": 0}, "missing_lines": [147, 149, 150], "excluded_lines": []}, "": {"executed_lines": [], "summary": {"covered_lines": 0, "num_statements": 15, "percent_covered": 0.0, "percent_covered_display": "0", "missing_lines": 15, "excluded_lines": 0}, "missing_lines": [1, 2, 3, 4, 6, 8, 10, 16, 27, 47, 86, 117, 131, 140, 153], "excluded_lines": []}}, "classes": {"AgentInterface": {"executed_lines": [], "summary": {"covered_lines": 0, "num_statements": 43, "percent_covered": 0.0, "percent_covered_display": "0", "missing_lines": 43, "excluded_lines": 0}, "missing_lines": [18, 22, 25, 35, 36, 39, 41, 43, 45, 56, 57, 60, 61, 64, 65, 68, 69, 70, 72, 74, 79, 81, 82, 83, 84, 97, 100, 101, 102, 105, 107, 108, 111, 112, 114, 115, 127, 128, 129, 138, 147, 149, 150], "excluded_lines": []}, "": {"executed_lines": [], "summary": {"covered_lines": 0, "num_statements": 15, "percent_covered": 0.0, "percent_covered_display": "0", "missing_lines": 15, "excluded_lines": 0}, "missing_lines": [1, 2, 3, 4, 6, 8, 10, 16, 27, 47, 86, 117, 131, 140, 153], "excluded_lines": []}}}, "app/agents/agent_manager.py": {"executed_lines": [1, 2, 3, 4, 5, 6, 7, 8, 9, 10, 12, 13, 14, 15, 16, 17, 18, 19, 20, 21, 22, 24, 25, 26, 28, 29, 31, 32, 35, 38, 39, 42, 44, 46, 48, 49, 52, 55, 56, 58, 59, 61, 62, 64, 67, 68, 71, 74, 75, 76, 77, 78, 79, 80, 81, 82, 85, 86, 92, 93, 94, 96, 97, 98, 109, 110, 111, 112, 119, 120, 123, 124, 125, 128, 129, 131, 133, 134, 135, 136, 138, 140, 142, 143, 144, 145, 149, 152, 153, 154, 157, 158, 161, 162, 165, 166, 169, 172, 173, 175, 177, 179, 181, 183, 185, 187, 189, 201, 204, 205, 208, 209, 210, 211, 212, 215, 216, 217, 218, 221, 222, 223, 224, 227, 228, 229, 230, 231, 232, 233, 238, 246, 252, 253, 257, 258, 260, 261, 262, 264, 266, 267, 270, 276, 277, 278, 280, 283, 333, 334, 335, 341, 347, 349, 356, 374, 376, 379, 384, 385, 387, 388, 390, 391, 392, 393, 395, 396, 405, 406, 407, 412, 413, 415, 420, 426, 427, 428, 431, 433, 439, 440, 441, 443, 446, 450, 451, 459, 460, 461, 462, 463, 464, 492, 522, 524, 526, 529, 530, 532, 533, 534, 537, 540, 545, 548, 556, 557, 563, 570, 572, 580, 581, 584, 585, 586, 587, 590, 591, 592, 602, 603, 604, 628, 629, 631, 634, 636, 638, 644, 647, 656, 659, 660, 661, 663, 668, 669, 670, 671, 674, 681, 684, 685, 686, 710, 711, 713, 722, 724, 730, 733, 741, 744, 745, 746, 748, 755, 758, 766, 769, 770, 771, 773, 786, 809, 811, 812, 814, 815, 818, 819, 829, 832, 842, 844, 850, 857, 864, 872, 874, 875, 881, 882, 888, 891, 892], "summary": {"covered_lines": 287, "num_statements": 418, "percent_covered": 68.66028708133972, "percent_covered_display": "69", "missing_lines": 131, "excluded_lines": 0}, "missing_lines": [99, 101, 102, 103, 104, 106, 107, 113, 114, 115, 116, 146, 147, 235, 236, 254, 271, 274, 275, 284, 286, 289, 296, 297, 300, 301, 303, 305, 307, 308, 311, 312, 313, 316, 317, 318, 319, 322, 325, 327, 328, 329, 330, 342, 343, 344, 351, 352, 353, 354, 380, 381, 397, 398, 399, 400, 401, 402, 403, 408, 409, 410, 448, 449, 452, 453, 454, 455, 456, 465, 466, 467, 468, 471, 472, 473, 474, 476, 477, 478, 481, 482, 483, 484, 485, 486, 487, 488, 490, 541, 542, 573, 574, 606, 613, 616, 624, 627, 676, 677, 678, 688, 695, 698, 706, 709, 715, 716, 717, 718, 719, 774, 775, 776, 778, 779, 780, 781, 782, 783, 784, 816, 846, 847, 859, 860, 861, 862, 893, 894, 895], "excluded_lines": [], "functions": {"AgentManager.__init__": {"executed_lines": [31, 32, 35, 38, 39, 42], "summary": {"covered_lines": 6, "num_statements": 6, "percent_covered": 100.0, "percent_covered_display": "100", "missing_lines": 0, "excluded_lines": 0}, "missing_lines": [], "excluded_lines": []}, "AgentManager._discover_agents": {"executed_lines": [46, 48, 49, 52, 55, 56, 58, 59, 61, 62, 64, 67, 68, 71, 74, 75, 76, 77, 78, 79, 80, 81, 82, 85, 86, 92, 93, 94, 96, 97, 98, 109, 110, 111, 112, 119, 120, 123, 124, 125, 128, 129, 131, 133, 134, 135, 136], "summary": {"covered_lines": 47, "num_statements": 58, "percent_covered": 81.03448275862068, "percent_covered_display": "81", "missing_lines": 11, "excluded_lines": 0}, "missing_lines": [99, 101, 102, 103, 104, 106, 107, 113, 114, 115, 116], "excluded_lines": []}, "AgentManager._is_base_agent_subclass": {"executed_lines": [140, 142, 143, 144, 145], "summary": {"covered_lines": 5, "num_statements": 7, "percent_covered": 71.42857142857143, "percent_covered_display": "71", "missing_lines": 2, "excluded_lines": 0}, "missing_lines": [146, 147], "excluded_lines": []}, "AgentManager._register_agent": {"executed_lines": [152, 153, 154, 157, 158, 161, 162, 165, 166, 169, 172, 173, 175], "summary": {"covered_lines": 13, "num_statements": 13, "percent_covered": 100.0, "percent_covered_display": "100", "missing_lines": 0, "excluded_lines": 0}, "missing_lines": [], "excluded_lines": []}, "AgentManager.get_agent_descriptions": {"executed_lines": [179], "summary": {"covered_lines": 1, "num_statements": 1, "percent_covered": 100.0, "percent_covered_display": "100", "missing_lines": 0, "excluded_lines": 0}, "missing_lines": [], "excluded_lines": []}, "AgentManager.get_available_agents": {"executed_lines": [183], "summary": {"covered_lines": 1, "num_statements": 1, "percent_covered": 100.0, "percent_covered_display": "100", "missing_lines": 0, "excluded_lines": 0}, "missing_lines": [], "excluded_lines": []}, "AgentManager.get_agent": {"executed_lines": [187], "summary": {"covered_lines": 1, "num_statements": 1, "percent_covered": 100.0, "percent_covered_display": "100", "missing_lines": 0, "excluded_lines": 0}, "missing_lines": [], "excluded_lines": []}, "AgentManager._resolve_agent_name": {"executed_lines": [201, 204, 205, 208, 209, 210, 211, 212, 215, 216, 217, 218, 221, 222, 223, 224, 227, 228, 229, 230, 231, 232, 233], "summary": {"covered_lines": 23, "num_statements": 25, "percent_covered": 92.0, "percent_covered_display": "92", "missing_lines": 2, "excluded_lines": 0}, "missing_lines": [235, 236], "excluded_lines": []}, "AgentManager._prepare_context": {"executed_lines": [246, 252, 253, 257, 258, 260, 261, 262, 264, 266, 267, 270, 276, 277, 278, 280, 283, 333, 334, 335, 341, 347, 349], "summary": {"covered_lines": 23, "num_statements": 58, "percent_covered": 39.6551724137931, "percent_covered_display": "40", "missing_lines": 35, "excluded_lines": 0}, "missing_lines": [254, 271, 274, 275, 284, 286, 289, 296, 297, 300, 301, 303, 305, 307, 308, 311, 312, 313, 316, 317, 318, 319, 322, 325, 327, 328, 329, 330, 342, 343, 344, 351, 352, 353, 354], "excluded_lines": []}, "AgentManager._select_agent": {"executed_lines": [374, 376, 379, 384, 385, 387, 388, 390, 391, 392, 393, 395, 396, 405, 406, 407, 412, 413, 415, 420, 426, 427, 428, 431, 433, 439, 440, 441, 443, 446, 450, 451, 459, 460, 461, 462, 463, 464], "summary": {"covered_lines": 38, "num_statements": 77, "percent_covered": 49.35064935064935, "percent_covered_display": "49", "missing_lines": 39, "excluded_lines": 0}, "missing_lines": [380, 381, 397, 398, 399, 400, 401, 402, 403, 408, 409, 410, 448, 449, 452, 453, 454, 455, 456, 465, 466, 467, 468, 471, 472, 473, 474, 476, 477, 478, 481, 482, 483, 484, 485, 486, 487, 488, 490], "excluded_lines": []}, "AgentManager.process_conversation": {"executed_lines": [522, 524, 526, 529, 530, 532, 533, 534, 537, 540, 545, 548, 556, 557, 563, 570, 572, 580, 581, 584, 585, 586, 587, 590, 591, 592, 602, 603, 604, 628, 629, 631, 634, 636, 638, 644, 647, 656, 659, 660, 674, 681, 684, 685, 686, 710, 711, 713, 722, 724, 730, 733, 741, 744, 745, 746, 748, 755, 758, 766, 769, 770, 771, 773], "summary": {"covered_lines": 64, "num_statements": 96, "percent_covered": 66.66666666666667, "percent_covered_display": "67", "missing_lines": 32, "excluded_lines": 0}, "missing_lines": [541, 542, 573, 574, 606, 613, 616, 624, 627, 676, 677, 678, 688, 695, 698, 706, 709, 715, 716, 717, 718, 719, 774, 775, 776, 778, 779, 780, 781, 782, 783, 784], "excluded_lines": []}, "AgentManager.process_conversation.process_stream": {"executed_lines": [661, 663, 668, 669, 670, 671], "summary": {"covered_lines": 6, "num_statements": 6, "percent_covered": 100.0, "percent_covered_display": "100", "missing_lines": 0, "excluded_lines": 0}, "missing_lines": [], "excluded_lines": []}, "AgentManager._handle_collaboration": {"executed_lines": [809, 811, 812, 814, 815, 818, 819, 829, 832, 842, 844, 850, 857], "summary": {"covered_lines": 13, "num_statements": 20, "percent_covered": 65.0, "percent_covered_display": "65", "missing_lines": 7, "excluded_lines": 0}, "missing_lines": [816, 846, 847, 859, 860, 861, 862], "excluded_lines": []}, "AgentManager._track_collaboration": {"executed_lines": [872, 874, 875, 881, 882], "summary": {"covered_lines": 5, "num_statements": 5, "percent_covered": 100.0, "percent_covered_display": "100", "missing_lines": 0, "excluded_lines": 0}, "missing_lines": [], "excluded_lines": []}, "": {"executed_lines": [1, 2, 3, 4, 5, 6, 7, 8, 9, 10, 12, 13, 14, 15, 16, 17, 18, 19, 20, 21, 22, 24, 25, 26, 28, 29, 44, 138, 149, 177, 181, 185, 189, 238, 356, 492, 786, 864, 888, 891, 892], "summary": {"covered_lines": 41, "num_statements": 44, "percent_covered": 93.18181818181819, "percent_covered_display": "93", "missing_lines": 3, "excluded_lines": 0}, "missing_lines": [893, 894, 895], "excluded_lines": []}}, "classes": {"AgentManager": {"executed_lines": [31, 32, 35, 38, 39, 42, 46, 48, 49, 52, 55, 56, 58, 59, 61, 62, 64, 67, 68, 71, 74, 75, 76, 77, 78, 79, 80, 81, 82, 85, 86, 92, 93, 94, 96, 97, 98, 109, 110, 111, 112, 119, 120, 123, 124, 125, 128, 129, 131, 133, 134, 135, 136, 140, 142, 143, 144, 145, 152, 153, 154, 157, 158, 161, 162, 165, 166, 169, 172, 173, 175, 179, 183, 187, 201, 204, 205, 208, 209, 210, 211, 212, 215, 216, 217, 218, 221, 222, 223, 224, 227, 228, 229, 230, 231, 232, 233, 246, 252, 253, 257, 258, 260, 261, 262, 264, 266, 267, 270, 276, 277, 278, 280, 283, 333, 334, 335, 341, 347, 349, 374, 376, 379, 384, 385, 387, 388, 390, 391, 392, 393, 395, 396, 405, 406, 407, 412, 413, 415, 420, 426, 427, 428, 431, 433, 439, 440, 441, 443, 446, 450, 451, 459, 460, 461, 462, 463, 464, 522, 524, 526, 529, 530, 532, 533, 534, 537, 540, 545, 548, 556, 557, 563, 570, 572, 580, 581, 584, 585, 586, 587, 590, 591, 592, 602, 603, 604, 628, 629, 631, 634, 636, 638, 644, 647, 656, 659, 660, 661, 663, 668, 669, 670, 671, 674, 681, 684, 685, 686, 710, 711, 713, 722, 724, 730, 733, 741, 744, 745, 746, 748, 755, 758, 766, 769, 770, 771, 773, 809, 811, 812, 814, 815, 818, 819, 829, 832, 842, 844, 850, 857, 872, 874, 875, 881, 882], "summary": {"covered_lines": 246, "num_statements": 374, "percent_covered": 65.77540106951872, "percent_covered_display": "66", "missing_lines": 128, "excluded_lines": 0}, "missing_lines": [99, 101, 102, 103, 104, 106, 107, 113, 114, 115, 116, 146, 147, 235, 236, 254, 271, 274, 275, 284, 286, 289, 296, 297, 300, 301, 303, 305, 307, 308, 311, 312, 313, 316, 317, 318, 319, 322, 325, 327, 328, 329, 330, 342, 343, 344, 351, 352, 353, 354, 380, 381, 397, 398, 399, 400, 401, 402, 403, 408, 409, 410, 448, 449, 452, 453, 454, 455, 456, 465, 466, 467, 468, 471, 472, 473, 474, 476, 477, 478, 481, 482, 483, 484, 485, 486, 487, 488, 490, 541, 542, 573, 574, 606, 613, 616, 624, 627, 676, 677, 678, 688, 695, 698, 706, 709, 715, 716, 717, 718, 719, 774, 775, 776, 778, 779, 780, 781, 782, 783, 784, 816, 846, 847, 859, 860, 861, 862], "excluded_lines": []}, "": {"executed_lines": [1, 2, 3, 4, 5, 6, 7, 8, 9, 10, 12, 13, 14, 15, 16, 17, 18, 19, 20, 21, 22, 24, 25, 26, 28, 29, 44, 138, 149, 177, 181, 185, 189, 238, 356, 492, 786, 864, 888, 891, 892], "summary": {"covered_lines": 41, "num_statements": 44, "percent_covered": 93.18181818181819, "percent_covered_display": "93", "missing_lines": 3, "excluded_lines": 0}, "missing_lines": [893, 894, 895], "excluded_lines": []}}}, "app/agents/base_agent.py": {"executed_lines": [1, 2, 3, 4, 5, 6, 7, 9, 11, 12, 14, 25, 26, 28, 38, 39, 40, 41, 42, 44, 47, 49, 50, 58, 83, 84, 85, 88, 89, 92, 98, 99, 102, 103, 104, 106, 116, 119, 120, 121, 122, 124, 136, 137, 138, 140, 142, 143, 144, 145, 146, 148, 158, 159, 160, 162, 163, 164, 165, 167, 169, 172, 173, 174, 176, 177, 178, 182, 185, 186, 187, 190, 192, 193, 194, 196, 197, 199, 207, 208, 210, 211, 214, 215, 218, 219, 222, 223, 224, 226, 228, 238, 241, 242, 243, 246, 247, 249, 250, 256, 257, 259, 270, 280, 282, 285, 293, 295, 331, 332, 339, 341, 342, 349, 352, 354, 361, 364, 366, 367, 368, 369, 371, 373, 386, 389, 390, 391, 393, 394, 399, 407, 412, 414, 424, 425, 426, 427, 428, 429, 431, 439, 450, 458, 469, 480, 490, 491, 494, 497], "summary": {"covered_lines": 147, "num_statements": 177, "percent_covered": 83.05084745762711, "percent_covered_display": "83", "missing_lines": 30, "excluded_lines": 0}, "missing_lines": [22, 23, 141, 212, 216, 271, 272, 273, 274, 275, 276, 277, 297, 298, 301, 312, 313, 316, 319, 327, 329, 376, 377, 378, 380, 381, 382, 395, 396, 397], "excluded_lines": [], "functions": {"GuardrailFunctionOutput.__init__": {"executed_lines": [], "summary": {"covered_lines": 0, "num_statements": 2, "percent_covered": 0.0, "percent_covered_display": "0", "missing_lines": 2, "excluded_lines": 0}, "missing_lines": [22, 23], "excluded_lines": []}, "BaseAgentHooks.init_context": {"executed_lines": [38, 39, 40, 41, 42, 44], "summary": {"covered_lines": 6, "num_statements": 6, "percent_covered": 100.0, "percent_covered_display": "100", "missing_lines": 0, "excluded_lines": 0}, "missing_lines": [], "excluded_lines": []}, "BaseAgent.__init__": {"executed_lines": [83, 84, 85, 88, 89, 92, 98, 99, 102, 103, 104, 106, 116, 119, 120, 121, 122], "summary": {"covered_lines": 17, "num_statements": 17, "percent_covered": 100.0, "percent_covered_display": "100", "missing_lines": 0, "excluded_lines": 0}, "missing_lines": [], "excluded_lines": []}, "BaseAgent._build_instructions_with_context": {"executed_lines": [136, 137, 138, 140, 142, 143, 144, 145, 146], "summary": {"covered_lines": 9, "num_statements": 10, "percent_covered": 90.0, "percent_covered_display": "90", "missing_lines": 1, "excluded_lines": 0}, "missing_lines": [141], "excluded_lines": []}, "BaseAgent._convert_functions_to_tools": {"executed_lines": [158, 159, 160, 162, 163, 164, 165, 167, 169, 172, 173, 174, 176, 177, 178, 182, 185, 186, 187, 190, 192, 193, 194, 196, 197], "summary": {"covered_lines": 25, "num_statements": 25, "percent_covered": 100.0, "percent_covered_display": "100", "missing_lines": 0, "excluded_lines": 0}, "missing_lines": [], "excluded_lines": []}, "BaseAgent._validate_function_schema": {"executed_lines": [207, 208, 210, 211, 214, 215, 218, 219, 222, 223, 224, 226], "summary": {"covered_lines": 12, "num_statements": 14, "percent_covered": 85.71428571428571, "percent_covered_display": "86", "missing_lines": 2, "excluded_lines": 0}, "missing_lines": [212, 216], "excluded_lines": []}, "BaseAgent._create_sanitized_function_tool": {"executed_lines": [238, 241, 242, 243, 246, 247, 249, 250, 256, 257, 259, 270, 280, 282, 285, 293, 295], "summary": {"covered_lines": 17, "num_statements": 26, "percent_covered": 65.38461538461539, "percent_covered_display": "65", "missing_lines": 9, "excluded_lines": 0}, "missing_lines": [297, 298, 301, 312, 313, 316, 319, 327, 329], "excluded_lines": []}, "BaseAgent._create_sanitized_function_tool.safe_wrapper": {"executed_lines": [], "summary": {"covered_lines": 0, "num_statements": 7, "percent_covered": 0.0, "percent_covered_display": "0", "missing_lines": 7, "excluded_lines": 0}, "missing_lines": [271, 272, 273, 274, 275, 276, 277], "excluded_lines": []}, "BaseAgent.functions": {"executed_lines": [349, 352], "summary": {"covered_lines": 2, "num_statements": 2, "percent_covered": 100.0, "percent_covered_display": "100", "missing_lines": 0, "excluded_lines": 0}, "missing_lines": [], "excluded_lines": []}, "BaseAgent.add_function": {"executed_lines": [361, 364, 366, 367, 368, 369, 371, 373, 386, 389, 390, 391, 393, 394], "summary": {"covered_lines": 14, "num_statements": 23, "percent_covered": 60.869565217391305, "percent_covered_display": "61", "missing_lines": 9, "excluded_lines": 0}, "missing_lines": [376, 377, 378, 380, 381, 382, 395, 396, 397], "excluded_lines": []}, "BaseAgent.remove_function": {"executed_lines": [407, 412], "summary": {"covered_lines": 2, "num_statements": 2, "percent_covered": 100.0, "percent_covered_display": "100", "missing_lines": 0, "excluded_lines": 0}, "missing_lines": [], "excluded_lines": []}, "BaseAgent.get_function": {"executed_lines": [424, 425, 426, 427, 428, 429], "summary": {"covered_lines": 6, "num_statements": 6, "percent_covered": 100.0, "percent_covered_display": "100", "missing_lines": 0, "excluded_lines": 0}, "missing_lines": [], "excluded_lines": []}, "BaseAgent.set_tool_choice": {"executed_lines": [439], "summary": {"covered_lines": 1, "num_statements": 1, "percent_covered": 100.0, "percent_covered_display": "100", "missing_lines": 0, "excluded_lines": 0}, "missing_lines": [], "excluded_lines": []}, "BaseAgent.set_parallel_tool_calls": {"executed_lines": [458], "summary": {"covered_lines": 1, "num_statements": 1, "percent_covered": 100.0, "percent_covered_display": "100", "missing_lines": 0, "excluded_lines": 0}, "missing_lines": [], "excluded_lines": []}, "BaseAgent.clone": {"executed_lines": [480, 490, 491, 494, 497], "summary": {"covered_lines": 5, "num_statements": 5, "percent_covered": 100.0, "percent_covered_display": "100", "missing_lines": 0, "excluded_lines": 0}, "missing_lines": [], "excluded_lines": []}, "": {"executed_lines": [1, 2, 3, 4, 5, 6, 7, 9, 11, 12, 14, 25, 26, 28, 47, 49, 50, 58, 124, 148, 199, 228, 331, 332, 341, 342, 354, 399, 414, 431, 450, 469], "summary": {"covered_lines": 29, "num_statements": 29, "percent_covered": 100.0, "percent_covered_display": "100", "missing_lines": 0, "excluded_lines": 0}, "missing_lines": [], "excluded_lines": []}}, "classes": {"GuardrailFunctionOutput": {"executed_lines": [], "summary": {"covered_lines": 0, "num_statements": 2, "percent_covered": 0.0, "percent_covered_display": "0", "missing_lines": 2, "excluded_lines": 0}, "missing_lines": [22, 23], "excluded_lines": []}, "BaseAgentHooks": {"executed_lines": [38, 39, 40, 41, 42, 44], "summary": {"covered_lines": 6, "num_statements": 6, "percent_covered": 100.0, "percent_covered_display": "100", "missing_lines": 0, "excluded_lines": 0}, "missing_lines": [], "excluded_lines": []}, "BaseAgent": {"executed_lines": [83, 84, 85, 88, 89, 92, 98, 99, 102, 103, 104, 106, 116, 119, 120, 121, 122, 136, 137, 138, 140, 142, 143, 144, 145, 146, 158, 159, 160, 162, 163, 164, 165, 167, 169, 172, 173, 174, 176, 177, 178, 182, 185, 186, 187, 190, 192, 193, 194, 196, 197, 207, 208, 210, 211, 214, 215, 218, 219, 222, 223, 224, 226, 238, 241, 242, 243, 246, 247, 249, 250, 256, 257, 259, 270, 280, 282, 285, 293, 295, 339, 349, 352, 361, 364, 366, 367, 368, 369, 371, 373, 386, 389, 390, 391, 393, 394, 407, 412, 424, 425, 426, 427, 428, 429, 439, 458, 480, 490, 491, 494, 497], "summary": {"covered_lines": 112, "num_statements": 140, "percent_covered": 80.0, "percent_covered_display": "80", "missing_lines": 28, "excluded_lines": 0}, "missing_lines": [141, 212, 216, 271, 272, 273, 274, 275, 276, 277, 297, 298, 301, 312, 313, 316, 319, 327, 329, 376, 377, 378, 380, 381, 382, 395, 396, 397], "excluded_lines": []}, "": {"executed_lines": [1, 2, 3, 4, 5, 6, 7, 9, 11, 12, 14, 25, 26, 28, 47, 49, 50, 58, 124, 148, 199, 228, 331, 332, 341, 342, 354, 399, 414, 431, 450, 469], "summary": {"covered_lines": 29, "num_statements": 29, "percent_covered": 100.0, "percent_covered_display": "100", "missing_lines": 0, "excluded_lines": 0}, "missing_lines": [], "excluded_lines": []}}}, "app/agents/collaboration_manager.py": {"executed_lines": [1, 2, 3, 4, 5, 6, 7, 8, 10, 12, 14, 17, 19, 20, 22, 23, 24, 25, 26, 28, 29, 31, 52, 53, 55, 57, 60, 63, 64, 65, 68, 71, 73, 82, 122, 185, 205, 248, 450, 537, 695, 730], "summary": {"covered_lines": 39, "num_statements": 297, "percent_covered": 13.131313131313131, "percent_covered_display": "13", "missing_lines": 258, "excluded_lines": 0}, "missing_lines": [39, 40, 41, 42, 43, 44, 45, 46, 47, 48, 49, 50, 75, 76, 80, 102, 108, 111, 113, 114, 115, 118, 120, 146, 149, 152, 156, 165, 168, 171, 181, 183, 187, 189, 190, 191, 192, 194, 195, 196, 197, 198, 199, 201, 202, 203, 220, 221, 222, 224, 226, 227, 229, 230, 231, 233, 235, 236, 237, 238, 239, 240, 241, 242, 243, 244, 245, 246, 262, 264, 266, 267, 268, 269, 270, 271, 273, 274, 278, 280, 281, 282, 283, 284, 285, 286, 288, 289, 292, 294, 296, 299, 300, 302, 315, 316, 317, 320, 323, 324, 325, 326, 328, 329, 330, 331, 333, 334, 345, 348, 350, 357, 359, 360, 361, 362, 363, 364, 365, 366, 369, 370, 371, 372, 373, 374, 377, 378, 379, 380, 381, 382, 384, 385, 386, 387, 388, 389, 390, 393, 394, 395, 396, 397, 399, 401, 402, 405, 406, 408, 409, 410, 411, 414, 415, 418, 424, 425, 428, 431, 432, 435, 437, 438, 439, 440, 441, 444, 445, 448, 472, 474, 476, 489, 497, 498, 501, 509, 510, 512, 517, 518, 519, 520, 521, 524, 527, 528, 530, 532, 533, 534, 535, 550, 551, 552, 554, 560, 561, 562, 563, 566, 567, 568, 569, 571, 574, 575, 577, 580, 590, 591, 594, 595, 603, 604, 608, 609, 617, 618, 619, 620, 626, 627, 652, 663, 664, 665, 666, 667, 668, 670, 671, 674, 675, 677, 678, 679, 682, 688, 689, 690, 691, 693, 697, 698, 700, 701, 702, 704, 709, 710, 712, 713, 716, 717, 718, 720], "excluded_lines": [], "functions": {"CollaborationSession.__init__": {"executed_lines": [], "summary": {"covered_lines": 0, "num_statements": 12, "percent_covered": 0.0, "percent_covered_display": "0", "missing_lines": 12, "excluded_lines": 0}, "missing_lines": [39, 40, 41, 42, 43, 44, 45, 46, 47, 48, 49, 50], "excluded_lines": []}, "CollaborationManager.__init__": {"executed_lines": [57, 60, 63, 64, 65, 68, 71], "summary": {"covered_lines": 7, "num_statements": 7, "percent_covered": 100.0, "percent_covered_display": "100", "missing_lines": 0, "excluded_lines": 0}, "missing_lines": [], "excluded_lines": []}, "CollaborationManager.get_client": {"executed_lines": [], "summary": {"covered_lines": 0, "num_statements": 3, "percent_covered": 0.0, "percent_covered_display": "0", "missing_lines": 3, "excluded_lines": 0}, "missing_lines": [75, 76, 80], "excluded_lines": []}, "CollaborationManager.check_collaboration_needed": {"executed_lines": [], "summary": {"covered_lines": 0, "num_statements": 8, "percent_covered": 0.0, "percent_covered_display": "0", "missing_lines": 8, "excluded_lines": 0}, "missing_lines": [102, 108, 111, 113, 114, 115, 118, 120], "excluded_lines": []}, "CollaborationManager.initiate_collaboration": {"executed_lines": [], "summary": {"covered_lines": 0, "num_statements": 9, "percent_covered": 0.0, "percent_covered_display": "0", "missing_lines": 9, "excluded_lines": 0}, "missing_lines": [146, 149, 152, 156, 165, 168, 171, 181, 183], "excluded_lines": []}, "CollaborationManager._handle_task_done": {"executed_lines": [], "summary": {"covered_lines": 0, "num_statements": 14, "percent_covered": 0.0, "percent_covered_display": "0", "missing_lines": 14, "excluded_lines": 0}, "missing_lines": [187, 189, 190, 191, 192, 194, 195, 196, 197, 198, 199, 201, 202, 203], "excluded_lines": []}, "CollaborationManager.get_collaboration_result": {"executed_lines": [], "summary": {"covered_lines": 0, "num_statements": 22, "percent_covered": 0.0, "percent_covered_display": "0", "missing_lines": 22, "excluded_lines": 0}, "missing_lines": [220, 221, 222, 224, 226, 227, 229, 230, 231, 233, 235, 236, 237, 238, 239, 240, 241, 242, 243, 244, 245, 246], "excluded_lines": []}, "CollaborationManager._run_collaboration": {"executed_lines": [], "summary": {"covered_lines": 0, "num_statements": 102, "percent_covered": 0.0, "percent_covered_display": "0", "missing_lines": 102, "excluded_lines": 0}, "missing_lines": [262, 264, 266, 267, 268, 269, 270, 271, 273, 274, 278, 280, 281, 282, 283, 284, 285, 286, 288, 289, 292, 294, 296, 299, 300, 302, 315, 316, 317, 320, 323, 324, 325, 326, 328, 329, 330, 331, 333, 334, 345, 348, 350, 357, 359, 360, 361, 362, 363, 364, 365, 366, 369, 370, 371, 372, 373, 374, 377, 378, 379, 380, 381, 382, 384, 385, 386, 387, 388, 389, 390, 393, 394, 395, 396, 397, 399, 401, 402, 405, 406, 408, 409, 410, 411, 414, 415, 418, 424, 425, 428, 431, 432, 435, 437, 438, 439, 440, 441, 444, 445, 448], "excluded_lines": []}, "CollaborationManager._get_agent_response": {"executed_lines": [], "summary": {"covered_lines": 0, "num_statements": 23, "percent_covered": 0.0, "percent_covered_display": "0", "missing_lines": 23, "excluded_lines": 0}, "missing_lines": [472, 474, 476, 489, 497, 498, 501, 509, 510, 512, 517, 518, 519, 520, 521, 524, 527, 528, 530, 532, 533, 534, 535], "excluded_lines": []}, "CollaborationManager._synthesize_responses": {"executed_lines": [], "summary": {"covered_lines": 0, "num_statements": 51, "percent_covered": 0.0, "percent_covered_display": "0", "missing_lines": 51, "excluded_lines": 0}, "missing_lines": [550, 551, 552, 554, 560, 561, 562, 563, 566, 567, 568, 569, 571, 574, 575, 577, 580, 590, 591, 594, 595, 603, 604, 608, 609, 617, 618, 619, 620, 626, 627, 652, 663, 664, 665, 666, 667, 668, 670, 671, 674, 675, 677, 678, 679, 682, 688, 689, 690, 691, 693], "excluded_lines": []}, "CollaborationManager.get_collaboration_stats": {"executed_lines": [], "summary": {"covered_lines": 0, "num_statements": 14, "percent_covered": 0.0, "percent_covered_display": "0", "missing_lines": 14, "excluded_lines": 0}, "missing_lines": [697, 698, 700, 701, 702, 704, 709, 710, 712, 713, 716, 717, 718, 720], "excluded_lines": []}, "": {"executed_lines": [1, 2, 3, 4, 5, 6, 7, 8, 10, 12, 14, 17, 19, 20, 22, 23, 24, 25, 26, 28, 29, 31, 52, 53, 55, 73, 82, 122, 185, 205, 248, 450, 537, 695, 730], "summary": {"covered_lines": 32, "num_statements": 32, "percent_covered": 100.0, "percent_covered_display": "100", "missing_lines": 0, "excluded_lines": 0}, "missing_lines": [], "excluded_lines": []}}, "classes": {"CollaborationStatus": {"executed_lines": [], "summary": {"covered_lines": 0, "num_statements": 0, "percent_covered": 100.0, "percent_covered_display": "100", "missing_lines": 0, "excluded_lines": 0}, "missing_lines": [], "excluded_lines": []}, "CollaborationSession": {"executed_lines": [], "summary": {"covered_lines": 0, "num_statements": 12, "percent_covered": 0.0, "percent_covered_display": "0", "missing_lines": 12, "excluded_lines": 0}, "missing_lines": [39, 40, 41, 42, 43, 44, 45, 46, 47, 48, 49, 50], "excluded_lines": []}, "CollaborationManager": {"executed_lines": [57, 60, 63, 64, 65, 68, 71], "summary": {"covered_lines": 7, "num_statements": 253, "percent_covered": 2.766798418972332, "percent_covered_display": "3", "missing_lines": 246, "excluded_lines": 0}, "missing_lines": [75, 76, 80, 102, 108, 111, 113, 114, 115, 118, 120, 146, 149, 152, 156, 165, 168, 171, 181, 183, 187, 189, 190, 191, 192, 194, 195, 196, 197, 198, 199, 201, 202, 203, 220, 221, 222, 224, 226, 227, 229, 230, 231, 233, 235, 236, 237, 238, 239, 240, 241, 242, 243, 244, 245, 246, 262, 264, 266, 267, 268, 269, 270, 271, 273, 274, 278, 280, 281, 282, 283, 284, 285, 286, 288, 289, 292, 294, 296, 299, 300, 302, 315, 316, 317, 320, 323, 324, 325, 326, 328, 329, 330, 331, 333, 334, 345, 348, 350, 357, 359, 360, 361, 362, 363, 364, 365, 366, 369, 370, 371, 372, 373, 374, 377, 378, 379, 380, 381, 382, 384, 385, 386, 387, 388, 389, 390, 393, 394, 395, 396, 397, 399, 401, 402, 405, 406, 408, 409, 410, 411, 414, 415, 418, 424, 425, 428, 431, 432, 435, 437, 438, 439, 440, 441, 444, 445, 448, 472, 474, 476, 489, 497, 498, 501, 509, 510, 512, 517, 518, 519, 520, 521, 524, 527, 528, 530, 532, 533, 534, 535, 550, 551, 552, 554, 560, 561, 562, 563, 566, 567, 568, 569, 571, 574, 575, 577, 580, 590, 591, 594, 595, 603, 604, 608, 609, 617, 618, 619, 620, 626, 627, 652, 663, 664, 665, 666, 667, 668, 670, 671, 674, 675, 677, 678, 679, 682, 688, 689, 690, 691, 693, 697, 698, 700, 701, 702, 704, 709, 710, 712, 713, 716, 717, 718, 720], "excluded_lines": []}, "": {"executed_lines": [1, 2, 3, 4, 5, 6, 7, 8, 10, 12, 14, 17, 19, 20, 22, 23, 24, 25, 26, 28, 29, 31, 52, 53, 55, 73, 82, 122, 185, 205, 248, 450, 537, 695, 730], "summary": {"covered_lines": 32, "num_statements": 32, "percent_covered": 100.0, "percent_covered_display": "100", "missing_lines": 0, "excluded_lines": 0}, "missing_lines": [], "excluded_lines": []}}}, "app/agents/common_context.py": {"executed_lines": [1, 2, 4, 5, 10, 16, 17, 18, 19, 20, 21, 22, 23, 24, 25, 28, 29, 30], "summary": {"covered_lines": 17, "num_statements": 17, "percent_covered": 100.0, "percent_covered_display": "100", "missing_lines": 0, "excluded_lines": 0}, "missing_lines": [], "excluded_lines": [], "functions": {"CommonAgentContext.__init__": {"executed_lines": [16, 17, 18, 19, 20, 21, 22, 23, 24, 25, 28, 29, 30], "summary": {"covered_lines": 13, "num_statements": 13, "percent_covered": 100.0, "percent_covered_display": "100", "missing_lines": 0, "excluded_lines": 0}, "missing_lines": [], "excluded_lines": []}, "": {"executed_lines": [1, 2, 4, 5, 10], "summary": {"covered_lines": 4, "num_statements": 4, "percent_covered": 100.0, "percent_covered_display": "100", "missing_lines": 0, "excluded_lines": 0}, "missing_lines": [], "excluded_lines": []}}, "classes": {"CommonAgentContext": {"executed_lines": [16, 17, 18, 19, 20, 21, 22, 23, 24, 25, 28, 29, 30], "summary": {"covered_lines": 13, "num_statements": 13, "percent_covered": 100.0, "percent_covered_display": "100", "missing_lines": 0, "excluded_lines": 0}, "missing_lines": [], "excluded_lines": []}, "": {"executed_lines": [1, 2, 4, 5, 10], "summary": {"covered_lines": 4, "num_statements": 4, "percent_covered": 100.0, "percent_covered_display": "100", "missing_lines": 0, "excluded_lines": 0}, "missing_lines": [], "excluded_lines": []}}}, "app/agents/compliance_and_documentation_agent.py": {"executed_lines": [1, 2, 3, 4, 5, 6, 8, 10, 11, 13, 18, 19, 24, 26, 87, 104, 107, 167, 223, 284, 347, 411, 412, 414, 416, 417, 419, 422, 425], "summary": {"covered_lines": 27, "num_statements": 35, "percent_covered": 77.14285714285714, "percent_covered_display": "77", "missing_lines": 8, "excluded_lines": 0}, "missing_lines": [15, 16, 126, 128, 186, 242, 303, 366], "excluded_lines": [], "functions": {"ComplianceAgentHooks.init_context": {"executed_lines": [], "summary": {"covered_lines": 0, "num_statements": 2, "percent_covered": 0.0, "percent_covered_display": "0", "missing_lines": 2, "excluded_lines": 0}, "missing_lines": [15, 16], "excluded_lines": []}, "ComplianceAgent.__init__": {"executed_lines": [26, 87, 104], "summary": {"covered_lines": 3, "num_statements": 3, "percent_covered": 100.0, "percent_covered_display": "100", "missing_lines": 0, "excluded_lines": 0}, "missing_lines": [], "excluded_lines": []}, "ComplianceAgent.check_documentation_requirements": {"executed_lines": [], "summary": {"covered_lines": 0, "num_statements": 2, "percent_covered": 0.0, "percent_covered_display": "0", "missing_lines": 2, "excluded_lines": 0}, "missing_lines": [126, 128], "excluded_lines": []}, "ComplianceAgent.verify_permits_and_licenses": {"executed_lines": [], "summary": {"covered_lines": 0, "num_statements": 1, "percent_covered": 0.0, "percent_covered_display": "0", "missing_lines": 1, "excluded_lines": 0}, "missing_lines": [186], "excluded_lines": []}, "ComplianceAgent.generate_compliance_checklist": {"executed_lines": [], "summary": {"covered_lines": 0, "num_statements": 1, "percent_covered": 0.0, "percent_covered_display": "0", "missing_lines": 1, "excluded_lines": 0}, "missing_lines": [242], "excluded_lines": []}, "ComplianceAgent.track_deadlines": {"executed_lines": [], "summary": {"covered_lines": 0, "num_statements": 1, "percent_covered": 0.0, "percent_covered_display": "0", "missing_lines": 1, "excluded_lines": 0}, "missing_lines": [303], "excluded_lines": []}, "ComplianceAgent.prepare_audit_documentation": {"executed_lines": [], "summary": {"covered_lines": 0, "num_statements": 1, "percent_covered": 0.0, "percent_covered_display": "0", "missing_lines": 1, "excluded_lines": 0}, "missing_lines": [366], "excluded_lines": []}, "ComplianceAgent.description": {"executed_lines": [419], "summary": {"covered_lines": 1, "num_statements": 1, "percent_covered": 100.0, "percent_covered_display": "100", "missing_lines": 0, "excluded_lines": 0}, "missing_lines": [], "excluded_lines": []}, "": {"executed_lines": [1, 2, 3, 4, 5, 6, 8, 10, 11, 13, 18, 19, 24, 107, 167, 223, 284, 347, 411, 412, 416, 417, 422, 425], "summary": {"covered_lines": 22, "num_statements": 22, "percent_covered": 100.0, "percent_covered_display": "100", "missing_lines": 0, "excluded_lines": 0}, "missing_lines": [], "excluded_lines": []}}, "classes": {"ComplianceAgentHooks": {"executed_lines": [], "summary": {"covered_lines": 0, "num_statements": 2, "percent_covered": 0.0, "percent_covered_display": "0", "missing_lines": 2, "excluded_lines": 0}, "missing_lines": [15, 16], "excluded_lines": []}, "ComplianceAgent": {"executed_lines": [26, 87, 104, 414, 419], "summary": {"covered_lines": 5, "num_statements": 11, "percent_covered": 45.45454545454545, "percent_covered_display": "45", "missing_lines": 6, "excluded_lines": 0}, "missing_lines": [126, 128, 186, 242, 303, 366], "excluded_lines": []}, "": {"executed_lines": [1, 2, 3, 4, 5, 6, 8, 10, 11, 13, 18, 19, 24, 107, 167, 223, 284, 347, 411, 412, 416, 417, 422, 425], "summary": {"covered_lines": 22, "num_statements": 22, "percent_covered": 100.0, "percent_covered_display": "100", "missing_lines": 0, "excluded_lines": 0}, "missing_lines": [], "excluded_lines": []}}}, "app/agents/demo_answering_service_agent.py": {"executed_lines": [1, 5, 6, 7, 8, 9, 10, 11, 13, 15, 16, 18, 28, 29, 35, 37, 39, 85, 95, 96, 99, 104, 110, 111, 130, 131, 180, 181, 206, 224, 227], "summary": {"covered_lines": 28, "num_statements": 66, "percent_covered": 42.42424242424242, "percent_covered_display": "42", "missing_lines": 38, "excluded_lines": 0}, "missing_lines": [20, 22, 23, 24, 25, 26, 100, 101, 124, 125, 127, 128, 144, 158, 159, 162, 176, 178, 190, 191, 193, 196, 197, 198, 199, 200, 201, 204, 208, 211, 212, 213, 214, 215, 216, 217, 218, 220], "excluded_lines": [], "functions": {"DemoAnsweringServiceAgentHooks.init_context": {"executed_lines": [], "summary": {"covered_lines": 0, "num_statements": 6, "percent_covered": 0.0, "percent_covered_display": "0", "missing_lines": 6, "excluded_lines": 0}, "missing_lines": [20, 22, 23, 24, 25, 26], "excluded_lines": []}, "DemoAnsweringServiceAgent.__init__": {"executed_lines": [39, 85, 95, 96, 99, 104], "summary": {"covered_lines": 6, "num_statements": 8, "percent_covered": 75.0, "percent_covered_display": "75", "missing_lines": 2, "excluded_lines": 0}, "missing_lines": [100, 101], "excluded_lines": []}, "DemoAnsweringServiceAgent.track_conversation_point": {"executed_lines": [], "summary": {"covered_lines": 0, "num_statements": 4, "percent_covered": 0.0, "percent_covered_display": "0", "missing_lines": 4, "excluded_lines": 0}, "missing_lines": [124, 125, 127, 128], "excluded_lines": []}, "DemoAnsweringServiceAgent.switch_language": {"executed_lines": [], "summary": {"covered_lines": 0, "num_statements": 6, "percent_covered": 0.0, "percent_covered_display": "0", "missing_lines": 6, "excluded_lines": 0}, "missing_lines": [144, 158, 159, 162, 176, 178], "excluded_lines": []}, "DemoAnsweringServiceAgent.generate_call_summary": {"executed_lines": [], "summary": {"covered_lines": 0, "num_statements": 10, "percent_covered": 0.0, "percent_covered_display": "0", "missing_lines": 10, "excluded_lines": 0}, "missing_lines": [190, 191, 193, 196, 197, 198, 199, 200, 201, 204], "excluded_lines": []}, "DemoAnsweringServiceAgent.get_handoff_agent": {"executed_lines": [], "summary": {"covered_lines": 0, "num_statements": 10, "percent_covered": 0.0, "percent_covered_display": "0", "missing_lines": 10, "excluded_lines": 0}, "missing_lines": [208, 211, 212, 213, 214, 215, 216, 217, 218, 220], "excluded_lines": []}, "": {"executed_lines": [1, 5, 6, 7, 8, 9, 10, 11, 13, 15, 16, 18, 28, 29, 35, 37, 110, 111, 130, 131, 180, 181, 206, 224, 227], "summary": {"covered_lines": 22, "num_statements": 22, "percent_covered": 100.0, "percent_covered_display": "100", "missing_lines": 0, "excluded_lines": 0}, "missing_lines": [], "excluded_lines": []}}, "classes": {"DemoAnsweringServiceAgentHooks": {"executed_lines": [], "summary": {"covered_lines": 0, "num_statements": 6, "percent_covered": 0.0, "percent_covered_display": "0", "missing_lines": 6, "excluded_lines": 0}, "missing_lines": [20, 22, 23, 24, 25, 26], "excluded_lines": []}, "DemoAnsweringServiceAgent": {"executed_lines": [39, 85, 95, 96, 99, 104], "summary": {"covered_lines": 6, "num_statements": 38, "percent_covered": 15.789473684210526, "percent_covered_display": "16", "missing_lines": 32, "excluded_lines": 0}, "missing_lines": [100, 101, 124, 125, 127, 128, 144, 158, 159, 162, 176, 178, 190, 191, 193, 196, 197, 198, 199, 200, 201, 204, 208, 211, 212, 213, 214, 215, 216, 217, 218, 220], "excluded_lines": []}, "": {"executed_lines": [1, 5, 6, 7, 8, 9, 10, 11, 13, 15, 16, 18, 28, 29, 35, 37, 110, 111, 130, 131, 180, 181, 206, 224, 227], "summary": {"covered_lines": 22, "num_statements": 22, "percent_covered": 100.0, "percent_covered_display": "100", "missing_lines": 0, "excluded_lines": 0}, "missing_lines": [], "excluded_lines": []}}}, "app/agents/emergency_and_crisis_agent.py": {"executed_lines": [1, 2, 3, 4, 5, 6, 8, 10, 11, 13, 18, 19, 24, 26, 96, 113, 116, 204, 288, 391, 468, 565, 566, 568, 570, 571, 573, 576, 579], "summary": {"covered_lines": 27, "num_statements": 35, "percent_covered": 77.14285714285714, "percent_covered_display": "77", "missing_lines": 8, "excluded_lines": 0}, "missing_lines": [15, 16, 139, 141, 225, 309, 412, 489], "excluded_lines": [], "functions": {"EmergencyAgentHooks.init_context": {"executed_lines": [], "summary": {"covered_lines": 0, "num_statements": 2, "percent_covered": 0.0, "percent_covered_display": "0", "missing_lines": 2, "excluded_lines": 0}, "missing_lines": [15, 16], "excluded_lines": []}, "EmergencyAgent.__init__": {"executed_lines": [26, 96, 113], "summary": {"covered_lines": 3, "num_statements": 3, "percent_covered": 100.0, "percent_covered_display": "100", "missing_lines": 0, "excluded_lines": 0}, "missing_lines": [], "excluded_lines": []}, "EmergencyAgent.respond_to_emergency_call": {"executed_lines": [], "summary": {"covered_lines": 0, "num_statements": 2, "percent_covered": 0.0, "percent_covered_display": "0", "missing_lines": 2, "excluded_lines": 0}, "missing_lines": [139, 141], "excluded_lines": []}, "EmergencyAgent.coordinate_crisis_response": {"executed_lines": [], "summary": {"covered_lines": 0, "num_statements": 1, "percent_covered": 0.0, "percent_covered_display": "0", "missing_lines": 1, "excluded_lines": 0}, "missing_lines": [225], "excluded_lines": []}, "EmergencyAgent.manage_facility_emergency": {"executed_lines": [], "summary": {"covered_lines": 0, "num_statements": 1, "percent_covered": 0.0, "percent_covered_display": "0", "missing_lines": 1, "excluded_lines": 0}, "missing_lines": [309], "excluded_lines": []}, "EmergencyAgent.coordinate_inter_agency_response": {"executed_lines": [], "summary": {"covered_lines": 0, "num_statements": 1, "percent_covered": 0.0, "percent_covered_display": "0", "missing_lines": 1, "excluded_lines": 0}, "missing_lines": [412], "excluded_lines": []}, "EmergencyAgent.provide_family_crisis_support": {"executed_lines": [], "summary": {"covered_lines": 0, "num_statements": 1, "percent_covered": 0.0, "percent_covered_display": "0", "missing_lines": 1, "excluded_lines": 0}, "missing_lines": [489], "excluded_lines": []}, "EmergencyAgent.description": {"executed_lines": [573], "summary": {"covered_lines": 1, "num_statements": 1, "percent_covered": 100.0, "percent_covered_display": "100", "missing_lines": 0, "excluded_lines": 0}, "missing_lines": [], "excluded_lines": []}, "": {"executed_lines": [1, 2, 3, 4, 5, 6, 8, 10, 11, 13, 18, 19, 24, 116, 204, 288, 391, 468, 565, 566, 570, 571, 576, 579], "summary": {"covered_lines": 22, "num_statements": 22, "percent_covered": 100.0, "percent_covered_display": "100", "missing_lines": 0, "excluded_lines": 0}, "missing_lines": [], "excluded_lines": []}}, "classes": {"EmergencyAgentHooks": {"executed_lines": [], "summary": {"covered_lines": 0, "num_statements": 2, "percent_covered": 0.0, "percent_covered_display": "0", "missing_lines": 2, "excluded_lines": 0}, "missing_lines": [15, 16], "excluded_lines": []}, "EmergencyAgent": {"executed_lines": [26, 96, 113, 568, 573], "summary": {"covered_lines": 5, "num_statements": 11, "percent_covered": 45.45454545454545, "percent_covered_display": "45", "missing_lines": 6, "excluded_lines": 0}, "missing_lines": [139, 141, 225, 309, 412, 489], "excluded_lines": []}, "": {"executed_lines": [1, 2, 3, 4, 5, 6, 8, 10, 11, 13, 18, 19, 24, 116, 204, 288, 391, 468, 565, 566, 570, 571, 576, 579], "summary": {"covered_lines": 22, "num_statements": 22, "percent_covered": 100.0, "percent_covered_display": "100", "missing_lines": 0, "excluded_lines": 0}, "missing_lines": [], "excluded_lines": []}}}, "app/agents/financial_services_agent.py": {"executed_lines": [1, 2, 3, 4, 5, 6, 7, 9, 11, 12, 14, 19, 20, 25, 27, 95, 98, 116, 119, 196, 266, 337, 427, 501, 502, 504, 506, 507, 509, 512, 515], "summary": {"covered_lines": 29, "num_statements": 37, "percent_covered": 78.37837837837837, "percent_covered_display": "78", "missing_lines": 8, "excluded_lines": 0}, "missing_lines": [16, 17, 142, 144, 217, 287, 358, 448], "excluded_lines": [], "functions": {"FinancialServicesAgentHooks.init_context": {"executed_lines": [], "summary": {"covered_lines": 0, "num_statements": 2, "percent_covered": 0.0, "percent_covered_display": "0", "missing_lines": 2, "excluded_lines": 0}, "missing_lines": [16, 17], "excluded_lines": []}, "FinancialServicesAgent.__init__": {"executed_lines": [27, 95, 98, 116], "summary": {"covered_lines": 4, "num_statements": 4, "percent_covered": 100.0, "percent_covered_display": "100", "missing_lines": 0, "excluded_lines": 0}, "missing_lines": [], "excluded_lines": []}, "FinancialServicesAgent.setup_payment_plan": {"executed_lines": [], "summary": {"covered_lines": 0, "num_statements": 2, "percent_covered": 0.0, "percent_covered_display": "0", "missing_lines": 2, "excluded_lines": 0}, "missing_lines": [142, 144], "excluded_lines": []}, "FinancialServicesAgent.process_insurance_claims": {"executed_lines": [], "summary": {"covered_lines": 0, "num_statements": 1, "percent_covered": 0.0, "percent_covered_display": "0", "missing_lines": 1, "excluded_lines": 0}, "missing_lines": [217], "excluded_lines": []}, "FinancialServicesAgent.manage_preneed_contracts": {"executed_lines": [], "summary": {"covered_lines": 0, "num_statements": 1, "percent_covered": 0.0, "percent_covered_display": "0", "missing_lines": 1, "excluded_lines": 0}, "missing_lines": [287], "excluded_lines": []}, "FinancialServicesAgent.generate_cost_estimate": {"executed_lines": [], "summary": {"covered_lines": 0, "num_statements": 1, "percent_covered": 0.0, "percent_covered_display": "0", "missing_lines": 1, "excluded_lines": 0}, "missing_lines": [358], "excluded_lines": []}, "FinancialServicesAgent.handle_billing_inquiries": {"executed_lines": [], "summary": {"covered_lines": 0, "num_statements": 1, "percent_covered": 0.0, "percent_covered_display": "0", "missing_lines": 1, "excluded_lines": 0}, "missing_lines": [448], "excluded_lines": []}, "FinancialServicesAgent.description": {"executed_lines": [509], "summary": {"covered_lines": 1, "num_statements": 1, "percent_covered": 100.0, "percent_covered_display": "100", "missing_lines": 0, "excluded_lines": 0}, "missing_lines": [], "excluded_lines": []}, "": {"executed_lines": [1, 2, 3, 4, 5, 6, 7, 9, 11, 12, 14, 19, 20, 25, 119, 196, 266, 337, 427, 501, 502, 506, 507, 512, 515], "summary": {"covered_lines": 23, "num_statements": 23, "percent_covered": 100.0, "percent_covered_display": "100", "missing_lines": 0, "excluded_lines": 0}, "missing_lines": [], "excluded_lines": []}}, "classes": {"FinancialServicesAgentHooks": {"executed_lines": [], "summary": {"covered_lines": 0, "num_statements": 2, "percent_covered": 0.0, "percent_covered_display": "0", "missing_lines": 2, "excluded_lines": 0}, "missing_lines": [16, 17], "excluded_lines": []}, "FinancialServicesAgent": {"executed_lines": [27, 95, 98, 116, 504, 509], "summary": {"covered_lines": 6, "num_statements": 12, "percent_covered": 50.0, "percent_covered_display": "50", "missing_lines": 6, "excluded_lines": 0}, "missing_lines": [142, 144, 217, 287, 358, 448], "excluded_lines": []}, "": {"executed_lines": [1, 2, 3, 4, 5, 6, 7, 9, 11, 12, 14, 19, 20, 25, 119, 196, 266, 337, 427, 501, 502, 506, 507, 512, 515], "summary": {"covered_lines": 23, "num_statements": 23, "percent_covered": 100.0, "percent_covered_display": "100", "missing_lines": 0, "excluded_lines": 0}, "missing_lines": [], "excluded_lines": []}}}, "app/agents/grief_support_agent.py": {"executed_lines": [1, 2, 3, 4, 5, 6, 8, 10, 11, 13, 18, 19, 24, 26, 98, 115, 118, 173, 248, 319, 381, 458, 459, 461, 463, 464, 466, 469, 472], "summary": {"covered_lines": 27, "num_statements": 35, "percent_covered": 77.14285714285714, "percent_covered_display": "77", "missing_lines": 8, "excluded_lines": 0}, "missing_lines": [15, 16, 139, 141, 194, 269, 338, 402], "excluded_lines": [], "functions": {"GriefSupportAgentHooks.init_context": {"executed_lines": [], "summary": {"covered_lines": 0, "num_statements": 2, "percent_covered": 0.0, "percent_covered_display": "0", "missing_lines": 2, "excluded_lines": 0}, "missing_lines": [15, 16], "excluded_lines": []}, "GriefSupportAgent.__init__": {"executed_lines": [26, 98, 115], "summary": {"covered_lines": 3, "num_statements": 3, "percent_covered": 100.0, "percent_covered_display": "100", "missing_lines": 0, "excluded_lines": 0}, "missing_lines": [], "excluded_lines": []}, "GriefSupportAgent.plan_follow_up_communication": {"executed_lines": [], "summary": {"covered_lines": 0, "num_statements": 2, "percent_covered": 0.0, "percent_covered_display": "0", "missing_lines": 2, "excluded_lines": 0}, "missing_lines": [139, 141], "excluded_lines": []}, "GriefSupportAgent.provide_grief_resources": {"executed_lines": [], "summary": {"covered_lines": 0, "num_statements": 1, "percent_covered": 0.0, "percent_covered_display": "0", "missing_lines": 1, "excluded_lines": 0}, "missing_lines": [194], "excluded_lines": []}, "GriefSupportAgent.coordinate_memorial_services": {"executed_lines": [], "summary": {"covered_lines": 0, "num_statements": 1, "percent_covered": 0.0, "percent_covered_display": "0", "missing_lines": 1, "excluded_lines": 0}, "missing_lines": [269], "excluded_lines": []}, "GriefSupportAgent.track_anniversary_dates": {"executed_lines": [], "summary": {"covered_lines": 0, "num_statements": 1, "percent_covered": 0.0, "percent_covered_display": "0", "missing_lines": 1, "excluded_lines": 0}, "missing_lines": [338], "excluded_lines": []}, "GriefSupportAgent.connect_support_services": {"executed_lines": [], "summary": {"covered_lines": 0, "num_statements": 1, "percent_covered": 0.0, "percent_covered_display": "0", "missing_lines": 1, "excluded_lines": 0}, "missing_lines": [402], "excluded_lines": []}, "GriefSupportAgent.description": {"executed_lines": [466], "summary": {"covered_lines": 1, "num_statements": 1, "percent_covered": 100.0, "percent_covered_display": "100", "missing_lines": 0, "excluded_lines": 0}, "missing_lines": [], "excluded_lines": []}, "": {"executed_lines": [1, 2, 3, 4, 5, 6, 8, 10, 11, 13, 18, 19, 24, 118, 173, 248, 319, 381, 458, 459, 463, 464, 469, 472], "summary": {"covered_lines": 22, "num_statements": 22, "percent_covered": 100.0, "percent_covered_display": "100", "missing_lines": 0, "excluded_lines": 0}, "missing_lines": [], "excluded_lines": []}}, "classes": {"GriefSupportAgentHooks": {"executed_lines": [], "summary": {"covered_lines": 0, "num_statements": 2, "percent_covered": 0.0, "percent_covered_display": "0", "missing_lines": 2, "excluded_lines": 0}, "missing_lines": [15, 16], "excluded_lines": []}, "GriefSupportAgent": {"executed_lines": [26, 98, 115, 461, 466], "summary": {"covered_lines": 5, "num_statements": 11, "percent_covered": 45.45454545454545, "percent_covered_display": "45", "missing_lines": 6, "excluded_lines": 0}, "missing_lines": [139, 141, 194, 269, 338, 402], "excluded_lines": []}, "": {"executed_lines": [1, 2, 3, 4, 5, 6, 8, 10, 11, 13, 18, 19, 24, 118, 173, 248, 319, 381, 458, 459, 463, 464, 469, 472], "summary": {"covered_lines": 22, "num_statements": 22, "percent_covered": 100.0, "percent_covered_display": "100", "missing_lines": 0, "excluded_lines": 0}, "missing_lines": [], "excluded_lines": []}}}, "app/agents/inventory_and_facilities_agent.py": {"executed_lines": [1, 2, 3, 4, 5, 6, 8, 10, 11, 13, 18, 19, 24, 26, 90, 107, 110, 192, 285, 372, 451, 537, 538, 540, 542, 543, 545, 548, 551], "summary": {"covered_lines": 27, "num_statements": 35, "percent_covered": 77.14285714285714, "percent_covered_display": "77", "missing_lines": 8, "excluded_lines": 0}, "missing_lines": [15, 16, 131, 133, 213, 306, 393, 472], "excluded_lines": [], "functions": {"InventoryAgentHooks.init_context": {"executed_lines": [], "summary": {"covered_lines": 0, "num_statements": 2, "percent_covered": 0.0, "percent_covered_display": "0", "missing_lines": 2, "excluded_lines": 0}, "missing_lines": [15, 16], "excluded_lines": []}, "InventoryAgent.__init__": {"executed_lines": [26, 90, 107], "summary": {"covered_lines": 3, "num_statements": 3, "percent_covered": 100.0, "percent_covered_display": "100", "missing_lines": 0, "excluded_lines": 0}, "missing_lines": [], "excluded_lines": []}, "InventoryAgent.manage_inventory_levels": {"executed_lines": [], "summary": {"covered_lines": 0, "num_statements": 2, "percent_covered": 0.0, "percent_covered_display": "0", "missing_lines": 2, "excluded_lines": 0}, "missing_lines": [131, 133], "excluded_lines": []}, "InventoryAgent.schedule_facility_maintenance": {"executed_lines": [], "summary": {"covered_lines": 0, "num_statements": 1, "percent_covered": 0.0, "percent_covered_display": "0", "missing_lines": 1, "excluded_lines": 0}, "missing_lines": [213], "excluded_lines": []}, "InventoryAgent.track_equipment_status": {"executed_lines": [], "summary": {"covered_lines": 0, "num_statements": 1, "percent_covered": 0.0, "percent_covered_display": "0", "missing_lines": 1, "excluded_lines": 0}, "missing_lines": [306], "excluded_lines": []}, "InventoryAgent.coordinate_vendor_relationships": {"executed_lines": [], "summary": {"covered_lines": 0, "num_statements": 1, "percent_covered": 0.0, "percent_covered_display": "0", "missing_lines": 1, "excluded_lines": 0}, "missing_lines": [393], "excluded_lines": []}, "InventoryAgent.monitor_cemetery_operations": {"executed_lines": [], "summary": {"covered_lines": 0, "num_statements": 1, "percent_covered": 0.0, "percent_covered_display": "0", "missing_lines": 1, "excluded_lines": 0}, "missing_lines": [472], "excluded_lines": []}, "InventoryAgent.description": {"executed_lines": [545], "summary": {"covered_lines": 1, "num_statements": 1, "percent_covered": 100.0, "percent_covered_display": "100", "missing_lines": 0, "excluded_lines": 0}, "missing_lines": [], "excluded_lines": []}, "": {"executed_lines": [1, 2, 3, 4, 5, 6, 8, 10, 11, 13, 18, 19, 24, 110, 192, 285, 372, 451, 537, 538, 542, 543, 548, 551], "summary": {"covered_lines": 22, "num_statements": 22, "percent_covered": 100.0, "percent_covered_display": "100", "missing_lines": 0, "excluded_lines": 0}, "missing_lines": [], "excluded_lines": []}}, "classes": {"InventoryAgentHooks": {"executed_lines": [], "summary": {"covered_lines": 0, "num_statements": 2, "percent_covered": 0.0, "percent_covered_display": "0", "missing_lines": 2, "excluded_lines": 0}, "missing_lines": [15, 16], "excluded_lines": []}, "InventoryAgent": {"executed_lines": [26, 90, 107, 540, 545], "summary": {"covered_lines": 5, "num_statements": 11, "percent_covered": 45.45454545454545, "percent_covered_display": "45", "missing_lines": 6, "excluded_lines": 0}, "missing_lines": [131, 133, 213, 306, 393, 472], "excluded_lines": []}, "": {"executed_lines": [1, 2, 3, 4, 5, 6, 8, 10, 11, 13, 18, 19, 24, 110, 192, 285, 372, 451, 537, 538, 542, 543, 548, 551], "summary": {"covered_lines": 22, "num_statements": 22, "percent_covered": 100.0, "percent_covered_display": "100", "missing_lines": 0, "excluded_lines": 0}, "missing_lines": [], "excluded_lines": []}}}, "app/agents/moderator_agent.py": {"executed_lines": [1, 2, 3, 4, 5, 6, 9, 21, 22, 23, 24, 26, 29, 31, 33, 34, 51, 54, 58, 59, 60, 63, 64, 72, 89, 92, 94, 95, 98, 101, 102, 105, 111, 112, 119, 243, 244, 406, 412, 414, 426, 427, 429, 437, 440, 442, 449, 451, 452, 456, 457, 498, 501, 504, 507, 509, 511, 512, 513, 516, 517, 519, 522, 525, 526, 527, 529, 532, 533, 540, 541, 542, 543, 551, 552, 553, 555, 558, 559, 561, 563, 569, 571, 573, 579, 582, 583, 584, 585, 588, 589, 592, 599, 600, 604, 605, 607, 613, 615, 618, 621], "summary": {"covered_lines": 99, "num_statements": 263, "percent_covered": 37.6425855513308, "percent_covered_display": "38", "missing_lines": 164, "excluded_lines": 0}, "missing_lines": [55, 65, 66, 67, 68, 69, 73, 76, 77, 78, 79, 80, 82, 86, 113, 114, 115, 116, 117, 122, 123, 124, 125, 126, 127, 129, 131, 134, 157, 159, 167, 170, 171, 173, 174, 175, 176, 179, 180, 181, 183, 184, 185, 188, 189, 190, 191, 192, 195, 196, 197, 198, 201, 202, 203, 204, 206, 209, 210, 211, 212, 213, 214, 215, 217, 219, 220, 221, 224, 225, 226, 228, 231, 232, 233, 234, 235, 237, 241, 263, 266, 267, 268, 269, 272, 273, 274, 277, 278, 279, 280, 281, 282, 283, 286, 289, 290, 296, 297, 298, 299, 300, 302, 305, 306, 307, 308, 309, 310, 312, 314, 317, 340, 341, 348, 351, 352, 353, 354, 357, 358, 359, 362, 363, 364, 365, 368, 369, 370, 373, 374, 377, 378, 379, 380, 381, 384, 386, 387, 390, 397, 398, 399, 400, 401, 403, 418, 419, 421, 544, 546, 547, 548, 565, 566, 567, 575, 576, 595, 596, 601, 608, 609, 611], "excluded_lines": [], "functions": {"get_openai_client": {"executed_lines": [31], "summary": {"covered_lines": 1, "num_statements": 1, "percent_covered": 100.0, "percent_covered_display": "100", "missing_lines": 0, "excluded_lines": 0}, "missing_lines": [], "excluded_lines": []}, "select_agent": {"executed_lines": [51, 54, 58, 59, 60, 63, 64, 72, 89, 92, 94, 95, 98, 101, 102, 105, 111, 112, 119], "summary": {"covered_lines": 19, "num_statements": 98, "percent_covered": 19.387755102040817, "percent_covered_display": "19", "missing_lines": 79, "excluded_lines": 0}, "missing_lines": [55, 65, 66, 67, 68, 69, 73, 76, 77, 78, 79, 80, 82, 86, 113, 114, 115, 116, 117, 122, 123, 124, 125, 126, 127, 129, 131, 134, 157, 159, 167, 170, 171, 173, 174, 175, 176, 179, 180, 181, 183, 184, 185, 188, 189, 190, 191, 192, 195, 196, 197, 198, 201, 202, 203, 204, 206, 209, 210, 211, 212, 213, 214, 215, 217, 219, 220, 221, 224, 225, 226, 228, 231, 232, 233, 234, 235, 237, 241], "excluded_lines": []}, "check_collaboration_need": {"executed_lines": [], "summary": {"covered_lines": 0, "num_statements": 67, "percent_covered": 0.0, "percent_covered_display": "0", "missing_lines": 67, "excluded_lines": 0}, "missing_lines": [263, 266, 267, 268, 269, 272, 273, 274, 277, 278, 279, 280, 281, 282, 283, 286, 289, 290, 296, 297, 298, 299, 300, 302, 305, 306, 307, 308, 309, 310, 312, 314, 317, 340, 341, 348, 351, 352, 353, 354, 357, 358, 359, 362, 363, 364, 365, 368, 369, 370, 373, 374, 377, 378, 379, 380, 381, 384, 386, 387, 390, 397, 398, 399, 400, 401, 403], "excluded_lines": []}, "validate_moderator_input": {"executed_lines": [412, 414], "summary": {"covered_lines": 2, "num_statements": 5, "percent_covered": 40.0, "percent_covered_display": "40", "missing_lines": 3, "excluded_lines": 0}, "missing_lines": [418, 419, 421], "excluded_lines": []}, "ModeratorAgentHooks.init_context": {"executed_lines": [437, 440], "summary": {"covered_lines": 2, "num_statements": 2, "percent_covered": 100.0, "percent_covered_display": "100", "missing_lines": 0, "excluded_lines": 0}, "missing_lines": [], "excluded_lines": []}, "ModeratorAgentHooks.on_handoff": {"executed_lines": [449], "summary": {"covered_lines": 1, "num_statements": 1, "percent_covered": 100.0, "percent_covered_display": "100", "missing_lines": 0, "excluded_lines": 0}, "missing_lines": [], "excluded_lines": []}, "ModeratorAgent.__init__": {"executed_lines": [457, 498, 501, 504, 507], "summary": {"covered_lines": 5, "num_statements": 5, "percent_covered": 100.0, "percent_covered_display": "100", "missing_lines": 0, "excluded_lines": 0}, "missing_lines": [], "excluded_lines": []}, "ModeratorAgent.register_agent": {"executed_lines": [511, 512, 513, 516, 517, 519, 522, 525, 526, 527, 529, 532, 533, 540, 541, 542, 543, 551, 552, 553, 555, 558, 559, 561, 563], "summary": {"covered_lines": 25, "num_statements": 32, "percent_covered": 78.125, "percent_covered_display": "78", "missing_lines": 7, "excluded_lines": 0}, "missing_lines": [544, 546, 547, 548, 565, 566, 567], "excluded_lines": []}, "ModeratorAgent.update_instructions": {"executed_lines": [571, 573, 579, 582, 583, 584, 585, 588, 589, 592, 599, 600, 604, 605, 607], "summary": {"covered_lines": 15, "num_statements": 23, "percent_covered": 65.21739130434783, "percent_covered_display": "65", "missing_lines": 8, "excluded_lines": 0}, "missing_lines": [575, 576, 595, 596, 601, 608, 609, 611], "excluded_lines": []}, "ModeratorAgent.get_async_openai_client": {"executed_lines": [615], "summary": {"covered_lines": 1, "num_statements": 1, "percent_covered": 100.0, "percent_covered_display": "100", "missing_lines": 0, "excluded_lines": 0}, "missing_lines": [], "excluded_lines": []}, "": {"executed_lines": [1, 2, 3, 4, 5, 6, 9, 21, 22, 23, 24, 26, 29, 33, 34, 243, 244, 406, 426, 427, 429, 442, 451, 452, 456, 509, 569, 613, 618, 621], "summary": {"covered_lines": 28, "num_statements": 28, "percent_covered": 100.0, "percent_covered_display": "100", "missing_lines": 0, "excluded_lines": 0}, "missing_lines": [], "excluded_lines": []}}, "classes": {"ModeratorAgentHooks": {"executed_lines": [437, 440, 449], "summary": {"covered_lines": 3, "num_statements": 3, "percent_covered": 100.0, "percent_covered_display": "100", "missing_lines": 0, "excluded_lines": 0}, "missing_lines": [], "excluded_lines": []}, "ModeratorAgent": {"executed_lines": [457, 498, 501, 504, 507, 511, 512, 513, 516, 517, 519, 522, 525, 526, 527, 529, 532, 533, 540, 541, 542, 543, 551, 552, 553, 555, 558, 559, 561, 563, 571, 573, 579, 582, 583, 584, 585, 588, 589, 592, 599, 600, 604, 605, 607, 615], "summary": {"covered_lines": 46, "num_statements": 61, "percent_covered": 75.40983606557377, "percent_covered_display": "75", "missing_lines": 15, "excluded_lines": 0}, "missing_lines": [544, 546, 547, 548, 565, 566, 567, 575, 576, 595, 596, 601, 608, 609, 611], "excluded_lines": []}, "": {"executed_lines": [1, 2, 3, 4, 5, 6, 9, 21, 22, 23, 24, 26, 29, 31, 33, 34, 51, 54, 58, 59, 60, 63, 64, 72, 89, 92, 94, 95, 98, 101, 102, 105, 111, 112, 119, 243, 244, 406, 412, 414, 426, 427, 429, 442, 451, 452, 456, 509, 569, 613, 618, 621], "summary": {"covered_lines": 50, "num_statements": 199, "percent_covered": 25.12562814070352, "percent_covered_display": "25", "missing_lines": 149, "excluded_lines": 0}, "missing_lines": [55, 65, 66, 67, 68, 69, 73, 76, 77, 78, 79, 80, 82, 86, 113, 114, 115, 116, 117, 122, 123, 124, 125, 126, 127, 129, 131, 134, 157, 159, 167, 170, 171, 173, 174, 175, 176, 179, 180, 181, 183, 184, 185, 188, 189, 190, 191, 192, 195, 196, 197, 198, 201, 202, 203, 204, 206, 209, 210, 211, 212, 213, 214, 215, 217, 219, 220, 221, 224, 225, 226, 228, 231, 232, 233, 234, 235, 237, 241, 263, 266, 267, 268, 269, 272, 273, 274, 277, 278, 279, 280, 281, 282, 283, 286, 289, 290, 296, 297, 298, 299, 300, 302, 305, 306, 307, 308, 309, 310, 312, 314, 317, 340, 341, 348, 351, 352, 353, 354, 357, 358, 359, 362, 363, 364, 365, 368, 369, 370, 373, 374, 377, 378, 379, 380, 381, 384, 386, 387, 390, 397, 398, 399, 400, 401, 403, 418, 419, 421], "excluded_lines": []}}}, "app/agents/regulatory_agent.py": {"executed_lines": [1, 2, 3, 4, 5, 6, 7, 9, 11, 12, 19, 42, 100, 102, 105, 106, 107, 119, 125, 135, 147, 160, 161, 168, 170, 219, 254, 311, 363, 419, 446], "summary": {"covered_lines": 30, "num_statements": 68, "percent_covered": 44.11764705882353, "percent_covered_display": "44", "missing_lines": 38, "excluded_lines": 0}, "missing_lines": [108, 109, 110, 111, 116, 117, 120, 121, 122, 155, 158, 189, 192, 193, 195, 217, 236, 239, 252, 273, 275, 277, 309, 328, 331, 341, 343, 344, 345, 347, 354, 361, 384, 387, 417, 430, 440, 443], "excluded_lines": [], "functions": {"RegulatoryAgent.__init__": {"executed_lines": [42, 100, 102, 105, 106, 107, 119, 125, 135], "summary": {"covered_lines": 9, "num_statements": 18, "percent_covered": 50.0, "percent_covered_display": "50", "missing_lines": 9, "excluded_lines": 0}, "missing_lines": [108, 109, 110, 111, 116, 117, 120, 121, 122], "excluded_lines": []}, "RegulatoryAgent.init_context": {"executed_lines": [], "summary": {"covered_lines": 0, "num_statements": 2, "percent_covered": 0.0, "percent_covered_display": "0", "missing_lines": 2, "excluded_lines": 0}, "missing_lines": [155, 158], "excluded_lines": []}, "RegulatoryAgent.description": {"executed_lines": [168], "summary": {"covered_lines": 1, "num_statements": 1, "percent_covered": 100.0, "percent_covered_display": "100", "missing_lines": 0, "excluded_lines": 0}, "missing_lines": [], "excluded_lines": []}, "RegulatoryAgent.search_regulations": {"executed_lines": [], "summary": {"covered_lines": 0, "num_statements": 5, "percent_covered": 0.0, "percent_covered_display": "0", "missing_lines": 5, "excluded_lines": 0}, "missing_lines": [189, 192, 193, 195, 217], "excluded_lines": []}, "RegulatoryAgent.analyze_regulation": {"executed_lines": [], "summary": {"covered_lines": 0, "num_statements": 3, "percent_covered": 0.0, "percent_covered_display": "0", "missing_lines": 3, "excluded_lines": 0}, "missing_lines": [236, 239, 252], "excluded_lines": []}, "RegulatoryAgent.generate_compliance_guidelines": {"executed_lines": [], "summary": {"covered_lines": 0, "num_statements": 4, "percent_covered": 0.0, "percent_covered_display": "0", "missing_lines": 4, "excluded_lines": 0}, "missing_lines": [273, 275, 277, 309], "excluded_lines": []}, "RegulatoryAgent.identify_jurisdictions": {"executed_lines": [], "summary": {"covered_lines": 0, "num_statements": 9, "percent_covered": 0.0, "percent_covered_display": "0", "missing_lines": 9, "excluded_lines": 0}, "missing_lines": [328, 331, 341, 343, 344, 345, 347, 354, 361], "excluded_lines": []}, "RegulatoryAgent.format_regulatory_analysis": {"executed_lines": [], "summary": {"covered_lines": 0, "num_statements": 3, "percent_covered": 0.0, "percent_covered_display": "0", "missing_lines": 3, "excluded_lines": 0}, "missing_lines": [384, 387, 417], "excluded_lines": []}, "RegulatoryAgent.clone": {"executed_lines": [], "summary": {"covered_lines": 0, "num_statements": 3, "percent_covered": 0.0, "percent_covered_display": "0", "missing_lines": 3, "excluded_lines": 0}, "missing_lines": [430, 440, 443], "excluded_lines": []}, "": {"executed_lines": [1, 2, 3, 4, 5, 6, 7, 9, 11, 12, 19, 147, 160, 161, 170, 219, 254, 311, 363, 419, 446], "summary": {"covered_lines": 20, "num_statements": 20, "percent_covered": 100.0, "percent_covered_display": "100", "missing_lines": 0, "excluded_lines": 0}, "missing_lines": [], "excluded_lines": []}}, "classes": {"RegulatoryAgent": {"executed_lines": [42, 100, 102, 105, 106, 107, 119, 125, 135, 168], "summary": {"covered_lines": 10, "num_statements": 48, "percent_covered": 20.833333333333332, "percent_covered_display": "21", "missing_lines": 38, "excluded_lines": 0}, "missing_lines": [108, 109, 110, 111, 116, 117, 120, 121, 122, 155, 158, 189, 192, 193, 195, 217, 236, 239, 252, 273, 275, 277, 309, 328, 331, 341, 343, 344, 345, 347, 354, 361, 384, 387, 417, 430, 440, 443], "excluded_lines": []}, "": {"executed_lines": [1, 2, 3, 4, 5, 6, 7, 9, 11, 12, 19, 147, 160, 161, 170, 219, 254, 311, 363, 419, 446], "summary": {"covered_lines": 20, "num_statements": 20, "percent_covered": 100.0, "percent_covered_display": "100", "missing_lines": 0, "excluded_lines": 0}, "missing_lines": [], "excluded_lines": []}}}, "app/agents/religious_agent.py": {"executed_lines": [1, 2, 3, 4, 5, 7, 9, 10, 12, 17, 18, 23, 25, 103, 106, 124, 127, 198, 267, 334, 413, 496, 497, 499, 501, 502, 504, 507, 510], "summary": {"covered_lines": 27, "num_statements": 35, "percent_covered": 77.14285714285714, "percent_covered_display": "77", "missing_lines": 8, "excluded_lines": 0}, "missing_lines": [14, 15, 148, 150, 219, 286, 355, 434], "excluded_lines": [], "functions": {"ReligiousAgentHooks.init_context": {"executed_lines": [], "summary": {"covered_lines": 0, "num_statements": 2, "percent_covered": 0.0, "percent_covered_display": "0", "missing_lines": 2, "excluded_lines": 0}, "missing_lines": [14, 15], "excluded_lines": []}, "ReligiousAgent.__init__": {"executed_lines": [25, 103, 106, 124], "summary": {"covered_lines": 4, "num_statements": 4, "percent_covered": 100.0, "percent_covered_display": "100", "missing_lines": 0, "excluded_lines": 0}, "missing_lines": [], "excluded_lines": []}, "ReligiousAgent.provide_religious_guidance": {"executed_lines": [], "summary": {"covered_lines": 0, "num_statements": 2, "percent_covered": 0.0, "percent_covered_display": "0", "missing_lines": 2, "excluded_lines": 0}, "missing_lines": [148, 150], "excluded_lines": []}, "ReligiousAgent.research_religious_practices": {"executed_lines": [], "summary": {"covered_lines": 0, "num_statements": 1, "percent_covered": 0.0, "percent_covered_display": "0", "missing_lines": 1, "excluded_lines": 0}, "missing_lines": [219], "excluded_lines": []}, "ReligiousAgent.identify_religious_requirements": {"executed_lines": [], "summary": {"covered_lines": 0, "num_statements": 1, "percent_covered": 0.0, "percent_covered_display": "0", "missing_lines": 1, "excluded_lines": 0}, "missing_lines": [286], "excluded_lines": []}, "ReligiousAgent.suggest_religious_accommodations": {"executed_lines": [], "summary": {"covered_lines": 0, "num_statements": 1, "percent_covered": 0.0, "percent_covered_display": "0", "missing_lines": 1, "excluded_lines": 0}, "missing_lines": [355], "excluded_lines": []}, "ReligiousAgent.find_religious_resources": {"executed_lines": [], "summary": {"covered_lines": 0, "num_statements": 1, "percent_covered": 0.0, "percent_covered_display": "0", "missing_lines": 1, "excluded_lines": 0}, "missing_lines": [434], "excluded_lines": []}, "ReligiousAgent.description": {"executed_lines": [504], "summary": {"covered_lines": 1, "num_statements": 1, "percent_covered": 100.0, "percent_covered_display": "100", "missing_lines": 0, "excluded_lines": 0}, "missing_lines": [], "excluded_lines": []}, "": {"executed_lines": [1, 2, 3, 4, 5, 7, 9, 10, 12, 17, 18, 23, 127, 198, 267, 334, 413, 496, 497, 501, 502, 507, 510], "summary": {"covered_lines": 21, "num_statements": 21, "percent_covered": 100.0, "percent_covered_display": "100", "missing_lines": 0, "excluded_lines": 0}, "missing_lines": [], "excluded_lines": []}}, "classes": {"ReligiousAgentHooks": {"executed_lines": [], "summary": {"covered_lines": 0, "num_statements": 2, "percent_covered": 0.0, "percent_covered_display": "0", "missing_lines": 2, "excluded_lines": 0}, "missing_lines": [14, 15], "excluded_lines": []}, "ReligiousAgent": {"executed_lines": [25, 103, 106, 124, 499, 504], "summary": {"covered_lines": 6, "num_statements": 12, "percent_covered": 50.0, "percent_covered_display": "50", "missing_lines": 6, "excluded_lines": 0}, "missing_lines": [148, 150, 219, 286, 355, 434], "excluded_lines": []}, "": {"executed_lines": [1, 2, 3, 4, 5, 7, 9, 10, 12, 17, 18, 23, 127, 198, 267, 334, 413, 496, 497, 501, 502, 507, 510], "summary": {"covered_lines": 21, "num_statements": 21, "percent_covered": 100.0, "percent_covered_display": "100", "missing_lines": 0, "excluded_lines": 0}, "missing_lines": [], "excluded_lines": []}}}, "app/agents/sensitive_chat_agent.py": {"executed_lines": [1, 2, 3, 9, 10, 12, 14, 15, 17, 22, 23, 29, 31, 235, 238, 254, 260, 310, 338, 367, 368, 370, 372, 373, 375, 378, 381], "summary": {"covered_lines": 25, "num_statements": 37, "percent_covered": 67.56756756756756, "percent_covered_display": "68", "missing_lines": 12, "excluded_lines": 0}, "missing_lines": [19, 20, 282, 284, 285, 290, 291, 295, 296, 300, 326, 356], "excluded_lines": [], "functions": {"SensitiveChatAgentHooks.init_context": {"executed_lines": [], "summary": {"covered_lines": 0, "num_statements": 2, "percent_covered": 0.0, "percent_covered_display": "0", "missing_lines": 2, "excluded_lines": 0}, "missing_lines": [19, 20], "excluded_lines": []}, "SensitiveChatAgent.__init__": {"executed_lines": [31, 235, 238, 254], "summary": {"covered_lines": 4, "num_statements": 4, "percent_covered": 100.0, "percent_covered_display": "100", "missing_lines": 0, "excluded_lines": 0}, "missing_lines": [], "excluded_lines": []}, "SensitiveChatAgent.research_cultural_context": {"executed_lines": [], "summary": {"covered_lines": 0, "num_statements": 8, "percent_covered": 0.0, "percent_covered_display": "0", "missing_lines": 8, "excluded_lines": 0}, "missing_lines": [282, 284, 285, 290, 291, 295, 296, 300], "excluded_lines": []}, "SensitiveChatAgent.reflect_on_conversation_context": {"executed_lines": [], "summary": {"covered_lines": 0, "num_statements": 1, "percent_covered": 0.0, "percent_covered_display": "0", "missing_lines": 1, "excluded_lines": 0}, "missing_lines": [326], "excluded_lines": []}, "SensitiveChatAgent.adapt_communication_style": {"executed_lines": [], "summary": {"covered_lines": 0, "num_statements": 1, "percent_covered": 0.0, "percent_covered_display": "0", "missing_lines": 1, "excluded_lines": 0}, "missing_lines": [356], "excluded_lines": []}, "SensitiveChatAgent.description": {"executed_lines": [375], "summary": {"covered_lines": 1, "num_statements": 1, "percent_covered": 100.0, "percent_covered_display": "100", "missing_lines": 0, "excluded_lines": 0}, "missing_lines": [], "excluded_lines": []}, "": {"executed_lines": [1, 2, 3, 9, 10, 12, 14, 15, 17, 22, 23, 29, 260, 310, 338, 367, 368, 372, 373, 378,
[...]
: [], "excluded_lines": []}, "UsageTrackingService.record_system_metric": {"executed_lines": [238, 245, 246, 247, 249], "summary": {"covered_lines": 5, "num_statements": 5, "percent_covered": 100.0, "percent_covered_display": "100", "missing_lines": 0, "excluded_lines": 0}, "missing_lines": [], "excluded_lines": []}, "UsageTrackingService.get_recent_usage": {"executed_lines": [259, 261, 262, 264, 265], "summary": {"covered_lines": 5, "num_statements": 5, "percent_covered": 100.0, "percent_covered_display": "100", "missing_lines": 0, "excluded_lines": 0}, "missing_lines": [], "excluded_lines": []}, "UsageTrackingService.get_system_metrics": {"executed_lines": [276, 277, 281, 282, 284, 285], "summary": {"covered_lines": 6, "num_statements": 6, "percent_covered": 100.0, "percent_covered_display": "100", "missing_lines": 0, "excluded_lines": 0}, "missing_lines": [], "excluded_lines": []}, "": {"executed_lines": [1, 4, 5, 6, 7, 8, 10, 11, 12, 15, 16, 18, 21, 54, 88, 122, 161, 228, 251, 267, 289], "summary": {"covered_lines": 19, "num_statements": 19, "percent_covered": 100.0, "percent_covered_display": "100", "missing_lines": 0, "excluded_lines": 0}, "missing_lines": [], "excluded_lines": []}}, "classes": {"UsageTrackingService": {"executed_lines": [19, 36, 48, 49, 50, 52, 68, 69, 70, 71, 72, 74, 76, 103, 105, 106, 107, 109, 137, 138, 141, 142, 144, 145, 146, 148, 173, 174, 175, 176, 177, 178, 179, 181, 184, 186, 187, 188, 189, 192, 198, 199, 202, 203, 204, 205, 208, 209, 210, 211, 212, 213, 214, 216, 218, 238, 245, 246, 247, 249, 259, 261, 262, 264, 265, 276, 277, 281, 282, 284, 285], "summary": {"covered_lines": 71, "num_statements": 71, "percent_covered": 100.0, "percent_covered_display": "100", "missing_lines": 0, "excluded_lines": 0}, "missing_lines": [], "excluded_lines": []}, "": {"executed_lines": [1, 4, 5, 6, 7, 8, 10, 11, 12, 15, 16, 18, 21, 54, 88, 122, 161, 228, 251, 267, 289], "summary": {"covered_lines": 19, "num_statements": 19, "percent_covered": 100.0, "percent_covered_display": "100", "missing_lines": 0, "excluded_lines": 0}, "missing_lines": [], "excluded_lines": []}}}, "app/services/voice/__init__.py": {"executed_lines": [2, 3, 5], "summary": {"covered_lines": 3, "num_statements": 3, "percent_covered": 100.0, "percent_covered_display": "100", "missing_lines": 0, "excluded_lines": 0}, "missing_lines": [], "excluded_lines": [], "functions": {"": {"executed_lines": [2, 3, 5], "summary": {"covered_lines": 3, "num_statements": 3, "percent_covered": 100.0, "percent_covered_display": "100", "missing_lines": 0, "excluded_lines": 0}, "missing_lines": [], "excluded_lines": []}}, "classes": {"": {"executed_lines": [2, 3, 5], "summary": {"covered_lines": 3, "num_statements": 3, "percent_covered": 100.0, "percent_covered_display": "100", "missing_lines": 0, "excluded_lines": 0}, "missing_lines": [], "excluded_lines": []}}}, "app/services/voice/audio_converter.py": {"executed_lines": [1, 3, 4, 5, 6, 7, 8, 10, 13, 14, 16, 17, 26, 28, 29, 30, 32, 34, 39, 50, 57, 58, 59, 62, 63, 65, 66, 70, 71, 72, 73, 75, 78, 79, 80, 81, 82, 83, 85, 86, 91, 92, 93, 95, 96, 103, 104, 105, 106, 107, 109, 110, 113, 117], "summary": {"covered_lines": 52, "num_statements": 54, "percent_covered": 96.29629629629629, "percent_covered_display": "96", "missing_lines": 2, "excluded_lines": 0}, "missing_lines": [76, 77], "excluded_lines": [], "functions": {"AudioConverter.webm_to_pcm": {"executed_lines": [26, 28, 29, 30, 32, 34, 39, 50, 57, 58, 59, 62, 63, 65, 66, 70, 71, 72, 73, 75, 78, 79, 80, 81, 82, 83], "summary": {"covered_lines": 26, "num_statements": 28, "percent_covered": 92.85714285714286, "percent_covered_display": "93", "missing_lines": 2, "excluded_lines": 0}, "missing_lines": [76, 77], "excluded_lines": []}, "AudioConverter.is_webm_opus": {"executed_lines": [91, 92, 93], "summary": {"covered_lines": 3, "num_statements": 3, "percent_covered": 100.0, "percent_covered_display": "100", "missing_lines": 0, "excluded_lines": 0}, "missing_lines": [], "excluded_lines": []}, "AudioConverter.process_browser_audio": {"executed_lines": [103, 104, 105, 106, 107, 109, 110, 113], "summary": {"covered_lines": 8, "num_statements": 8, "percent_covered": 100.0, "percent_covered_display": "100", "missing_lines": 0, "excluded_lines": 0}, "missing_lines": [], "excluded_lines": []}, "": {"executed_lines": [1, 3, 4, 5, 6, 7, 8, 10, 13, 14, 16, 17, 85, 86, 95, 96, 117], "summary": {"covered_lines": 15, "num_statements": 15, "percent_covered": 100.0, "percent_covered_display": "100", "missing_lines": 0, "excluded_lines": 0}, "missing_lines": [], "excluded_lines": []}}, "classes": {"AudioConverter": {"executed_lines": [26, 28, 29, 30, 32, 34, 39, 50, 57, 58, 59, 62, 63, 65, 66, 70, 71, 72, 73, 75, 78, 79, 80, 81, 82, 83, 91, 92, 93, 103, 104, 105, 106, 107, 109, 110, 113], "summary": {"covered_lines": 37, "num_statements": 39, "percent_covered": 94.87179487179488, "percent_covered_display": "95", "missing_lines": 2, "excluded_lines": 0}, "missing_lines": [76, 77], "excluded_lines": []}, "": {"executed_lines": [1, 3, 4, 5, 6, 7, 8, 10, 13, 14, 16, 17, 85, 86, 95, 96, 117], "summary": {"covered_lines": 15, "num_statements": 15, "percent_covered": 100.0, "percent_covered_display": "100", "missing_lines": 0, "excluded_lines": 0}, "missing_lines": [], "excluded_lines": []}}}, "app/services/voice/deepgram_service.py": {"executed_lines": [2, 3, 4, 5, 6, 7, 8, 16, 18, 21, 31, 32, 35, 74, 75, 76, 79, 86, 87, 91, 99, 100, 101, 103, 106, 107, 109, 111, 112, 113, 115, 117, 118, 119, 120, 121, 123, 125, 127, 153, 154, 156, 158, 164, 167, 168, 169, 170, 171, 174, 177, 187, 188, 189, 195, 196, 197, 200, 201, 204, 209, 212, 223, 227, 229, 230, 232, 233, 236, 237, 249, 250, 261, 262, 263, 265, 266, 268, 269, 270, 280, 313, 314, 317, 320, 321, 322, 323, 327, 329, 348, 349, 350, 351, 356, 359, 372, 375, 376, 378, 386, 387, 389, 396, 397, 398, 399, 400, 401, 403, 405, 407, 410, 413, 424, 431, 432, 435, 436, 437, 439, 440, 441, 443, 444, 446, 447, 448, 449, 450, 452, 454, 455, 456, 458, 460, 461, 463, 464, 465, 467, 468, 469, 472, 474, 477, 478, 479, 481, 483, 484, 485, 486, 487, 488, 489, 490, 491, 493, 495, 496, 500, 501, 504, 505, 506, 507, 508, 509, 512, 514, 517, 520, 521, 522, 523, 532, 533, 538, 539, 540, 541, 551, 563, 565, 571, 572, 579, 581, 582, 584, 585, 590, 602, 610, 621], "summary": {"covered_lines": 194, "num_statements": 249, "percent_covered": 77.91164658634538, "percent_covered_display": "78", "missing_lines": 55, "excluded_lines": 0}, "missing_lines": [190, 192, 324, 352, 353, 415, 416, 417, 418, 419, 420, 422, 425, 426, 427, 428, 429, 451, 453, 473, 475, 497, 524, 525, 526, 527, 528, 529, 534, 535, 567, 569, 574, 575, 576, 577, 587, 588, 592, 593, 594, 596, 597, 599, 600, 604, 605, 606, 607, 608, 612, 613, 614, 615, 616], "excluded_lines": [], "functions": {"map_language_code_to_deepgram": {"executed_lines": [31, 32, 35, 74, 75, 76], "summary": {"covered_lines": 6, "num_statements": 6, "percent_covered": 100.0, "percent_covered_display": "100", "missing_lines": 0, "excluded_lines": 0}, "missing_lines": [], "excluded_lines": []}, "get_compatible_model_for_language": {"executed_lines": [86, 87, 91, 99, 100, 101, 103], "summary": {"covered_lines": 7, "num_statements": 7, "percent_covered": 100.0, "percent_covered_display": "100", "missing_lines": 0, "excluded_lines": 0}, "missing_lines": [], "excluded_lines": []}, "DeepgramService.__init__": {"executed_lines": [111, 112, 113, 115, 117, 118, 119, 120, 121], "summary": {"covered_lines": 9, "num_statements": 9, "percent_covered": 100.0, "percent_covered_display": "100", "missing_lines": 0, "excluded_lines": 0}, "missing_lines": [], "excluded_lines": []}, "DeepgramService.is_available": {"executed_lines": [125], "summary": {"covered_lines": 1, "num_statements": 1, "percent_covered": 100.0, "percent_covered_display": "100", "missing_lines": 0, "excluded_lines": 0}, "missing_lines": [], "excluded_lines": []}, "DeepgramService.transcribe_file": {"executed_lines": [153, 154, 156, 158, 164, 167, 168, 169, 170, 171, 174, 177, 187, 188, 189, 195, 196, 197, 200, 201, 204, 209, 212, 223, 227, 229, 230, 232, 233, 236, 237, 249, 250, 261, 262, 263, 265, 266, 268, 269, 270], "summary": {"covered_lines": 41, "num_statements": 43, "percent_covered": 95.34883720930233, "percent_covered_display": "95", "missing_lines": 2, "excluded_lines": 0}, "missing_lines": [190, 192], "excluded_lines": []}, "DeepgramService.start_live_transcription": {"executed_lines": [313, 314, 317, 320, 321, 322, 323, 327, 329, 348, 349, 350, 351, 356, 359, 372, 375, 376, 378], "summary": {"covered_lines": 19, "num_statements": 22, "percent_covered": 86.36363636363636, "percent_covered_display": "86", "missing_lines": 3, "excluded_lines": 0}, "missing_lines": [324, 352, 353], "excluded_lines": []}, "LiveTranscriptionSession.__init__": {"executed_lines": [396, 397, 398, 399, 400, 401], "summary": {"covered_lines": 6, "num_statements": 6, "percent_covered": 100.0, "percent_covered_display": "100", "missing_lines": 0, "excluded_lines": 0}, "missing_lines": [], "excluded_lines": []}, "LiveTranscriptionSession.start": {"executed_lines": [405, 407, 410, 413, 424, 431, 432, 435, 436, 437, 439, 440, 441, 443, 444, 446, 447, 448, 449, 450, 452, 454, 455, 456], "summary": {"covered_lines": 24, "num_statements": 26, "percent_covered": 92.3076923076923, "percent_covered_display": "92", "missing_lines": 2, "excluded_lines": 0}, "missing_lines": [451, 453], "excluded_lines": []}, "LiveTranscriptionSession.start.transcript_handler": {"executed_lines": [], "summary": {"covered_lines": 0, "num_statements": 7, "percent_covered": 0.0, "percent_covered_display": "0", "missing_lines": 7, "excluded_lines": 0}, "missing_lines": [415, 416, 417, 418, 419, 420, 422], "excluded_lines": []}, "LiveTranscriptionSession.start.error_handler": {"executed_lines": [], "summary": {"covered_lines": 0, "num_statements": 5, "percent_covered": 0.0, "percent_covered_display": "0", "missing_lines": 5, "excluded_lines": 0}, "missing_lines": [425, 426, 427, 428, 429], "excluded_lines": []}, "LiveTranscriptionSession.send_audio": {"executed_lines": [460, 461, 463, 464, 465, 467, 468, 469, 472, 474, 477, 478, 479], "summary": {"covered_lines": 13, "num_statements": 15, "percent_covered": 86.66666666666667, "percent_covered_display": "87", "missing_lines": 2, "excluded_lines": 0}, "missing_lines": [473, 475], "excluded_lines": []}, "LiveTranscriptionSession.finish": {"executed_lines": [483, 484, 485, 486, 487, 488, 489, 490, 491], "summary": {"covered_lines": 9, "num_statements": 9, "percent_covered": 100.0, "percent_covered_display": "100", "missing_lines": 0, "excluded_lines": 0}, "missing_lines": [], "excluded_lines": []}, "LiveTranscriptionSession._handle_transcript_data": {"executed_lines": [495, 496, 500, 501, 504, 505, 506, 507, 508, 509, 512, 514, 517, 520, 521, 522, 523, 532, 533, 538, 539, 540, 541, 551, 563, 565, 571, 572], "summary": {"covered_lines": 28, "num_statements": 43, "percent_covered": 65.11627906976744, "percent_covered_display": "65", "missing_lines": 15, "excluded_lines": 0}, "missing_lines": [497, 524, 525, 526, 527, 528, 529, 534, 535, 567, 569, 574, 575, 576, 577], "excluded_lines": []}, "LiveTranscriptionSession._handle_error_data": {"executed_lines": [581, 582, 584, 585], "summary": {"covered_lines": 4, "num_statements": 6, "percent_covered": 66.66666666666667, "percent_covered_display": "67", "missing_lines": 2, "excluded_lines": 0}, "missing_lines": [587, 588], "excluded_lines": []}, "LiveTranscriptionSession._handle_error": {"executed_lines": [], "summary": {"covered_lines": 0, "num_statements": 7, "percent_covered": 0.0, "percent_covered_display": "0", "missing_lines": 7, "excluded_lines": 0}, "missing_lines": [592, 593, 594, 596, 597, 599, 600], "excluded_lines": []}, "LiveTranscriptionSession._handle_warning": {"executed_lines": [], "summary": {"covered_lines": 0, "num_statements": 5, "percent_covered": 0.0, "percent_covered_display": "0", "missing_lines": 5, "excluded_lines": 0}, "missing_lines": [604, 605, 606, 607, 608], "excluded_lines": []}, "LiveTranscriptionSession._handle_metadata": {"executed_lines": [], "summary": {"covered_lines": 0, "num_statements": 5, "percent_covered": 0.0, "percent_covered_display": "0", "missing_lines": 5, "excluded_lines": 0}, "missing_lines": [612, 613, 614, 615, 616], "excluded_lines": []}, "": {"executed_lines": [2, 3, 4, 5, 6, 7, 8, 16, 18, 21, 79, 106, 107, 109, 123, 127, 280, 386, 387, 389, 403, 458, 481, 493, 579, 590, 602, 610, 621], "summary": {"covered_lines": 27, "num_statements": 27, "percent_covered": 100.0, "percent_covered_display": "100", "missing_lines": 0, "excluded_lines": 0}, "missing_lines": [], "excluded_lines": []}}, "classes": {"DeepgramService": {"executed_lines": [111, 112, 113, 115, 117, 118, 119, 120, 121, 125, 153, 154, 156, 158, 164, 167, 168, 169, 170, 171, 174, 177, 187, 188, 189, 195, 196, 197, 200, 201, 204, 209, 212, 223, 227, 229, 230, 232, 233, 236, 237, 249, 250, 261, 262, 263, 265, 266, 268, 269, 270, 313, 314, 317, 320, 321, 322, 323, 327, 329, 348, 349, 350, 351, 356, 359, 372, 375, 376, 378], "summary": {"covered_lines": 70, "num_statements": 75, "percent_covered": 93.33333333333333, "percent_covered_display": "93", "missing_lines": 5, "excluded_lines": 0}, "missing_lines": [190, 192, 324, 352, 353], "excluded_lines": []}, "LiveTranscriptionSession": {"executed_lines": [396, 397, 398, 399, 400, 401, 405, 407, 410, 413, 424, 431, 432, 435, 436, 437, 439, 440, 441, 443, 444, 446, 447, 448, 449, 450, 452, 454, 455, 456, 460, 461, 463, 464, 465, 467, 468, 469, 472, 474, 477, 478, 479, 483, 484, 485, 486, 487, 488, 489, 490, 491, 495, 496, 500, 501, 504, 505, 506, 507, 508, 509, 512, 514, 517, 520, 521, 522, 523, 532, 533, 538, 539, 540, 541, 551, 563, 565, 571, 572, 581, 582, 584, 585], "summary": {"covered_lines": 84, "num_statements": 134, "percent_covered": 62.6865671641791, "percent_covered_display": "63", "missing_lines": 50, "excluded_lines": 0}, "missing_lines": [415, 416, 417, 418, 419, 420, 422, 425, 426, 427, 428, 429, 451, 453, 473, 475, 497, 524, 525, 526, 527, 528, 529, 534, 535, 567, 569, 574, 575, 576, 577, 587, 588, 592, 593, 594, 596, 597, 599, 600, 604, 605, 606, 607, 608, 612, 613, 614, 615, 616], "excluded_lines": []}, "": {"executed_lines": [2, 3, 4, 5, 6, 7, 8, 16, 18, 21, 31, 32, 35, 74, 75, 76, 79, 86, 87, 91, 99, 100, 101, 103, 106, 107, 109, 123, 127, 280, 386, 387, 389, 403, 458, 481, 493, 579, 590, 602, 610, 621], "summary": {"covered_lines": 40, "num_statements": 40, "percent_covered": 100.0, "percent_covered_display": "100", "missing_lines": 0, "excluded_lines": 0}, "missing_lines": [], "excluded_lines": []}}}, "app/services/voice/elevenlabs_service.py": {"executed_lines": [2, 3, 4, 5, 6, 7, 9, 12, 13, 15, 17, 18, 19, 26, 27, 28, 29, 31, 32, 34, 36, 38, 45, 46, 48, 49, 50, 54, 55, 56, 57, 58, 63, 64, 65, 70, 71, 72, 77, 87, 90, 91, 92, 96, 97, 98, 99, 104, 105, 106, 118, 139, 140, 143, 144, 145, 148, 149, 157, 158, 159, 165, 172, 177, 179, 180, 181, 183, 184, 187, 189, 191, 202, 203, 204, 205, 206, 207, 212, 213, 214, 219, 242, 243, 246, 247, 248, 251, 252, 260, 261, 262, 268, 275, 280, 282, 283, 284, 287, 288, 289, 291, 293, 294, 295, 297, 298, 299, 301, 308, 311, 312, 313, 317, 318, 319, 320, 325, 326, 327, 339, 346, 347, 349, 350, 351, 355, 356, 357, 358, 379], "summary": {"covered_lines": 130, "num_statements": 144, "percent_covered": 90.27777777777777, "percent_covered_display": "90", "missing_lines": 14, "excluded_lines": 0}, "missing_lines": [88, 111, 112, 113, 309, 332, 333, 334, 363, 364, 365, 370, 371, 372], "excluded_lines": [], "functions": {"ElevenLabsService.__init__": {"executed_lines": [17, 18, 19, 26, 27, 28, 29, 31, 32], "summary": {"covered_lines": 9, "num_statements": 9, "percent_covered": 100.0, "percent_covered_display": "100", "missing_lines": 0, "excluded_lines": 0}, "missing_lines": [], "excluded_lines": []}, "ElevenLabsService.is_available": {"executed_lines": [36], "summary": {"covered_lines": 1, "num_statements": 1, "percent_covered": 100.0, "percent_covered_display": "100", "missing_lines": 0, "excluded_lines": 0}, "missing_lines": [], "excluded_lines": []}, "ElevenLabsService.get_voices": {"executed_lines": [45, 46, 48, 49, 50, 54, 55, 56, 57, 58, 63, 64, 65, 70, 71, 72], "summary": {"covered_lines": 16, "num_statements": 16, "percent_covered": 100.0, "percent_covered_display": "100", "missing_lines": 0, "excluded_lines": 0}, "missing_lines": [], "excluded_lines": []}, "ElevenLabsService.get_voice_info": {"executed_lines": [87, 90, 91, 92, 96, 97, 98, 99, 104, 105, 106], "summary": {"covered_lines": 11, "num_statements": 15, "percent_covered": 73.33333333333333, "percent_covered_display": "73", "missing_lines": 4, "excluded_lines": 0}, "missing_lines": [88, 111, 112, 113], "excluded_lines": []}, "ElevenLabsService.synthesize_speech": {"executed_lines": [139, 140, 143, 144, 145, 148, 149, 157, 158, 159, 165, 172, 177, 179, 180, 181, 183, 184, 187, 189, 191, 202, 203, 204, 205, 206, 207, 212, 213, 214], "summary": {"covered_lines": 30, "num_statements": 30, "percent_covered": 100.0, "percent_covered_display": "100", "missing_lines": 0, "excluded_lines": 0}, "missing_lines": [], "excluded_lines": []}, "ElevenLabsService.stream_speech": {"executed_lines": [242, 243, 246, 247, 248, 251, 252, 260, 261, 262, 268, 275, 280, 282, 283, 284, 287, 288, 289, 291, 293, 294, 295, 297, 298, 299], "summary": {"covered_lines": 26, "num_statements": 26, "percent_covered": 100.0, "percent_covered_display": "100", "missing_lines": 0, "excluded_lines": 0}, "missing_lines": [], "excluded_lines": []}, "ElevenLabsService.get_user_info": {"executed_lines": [308, 311, 312, 313, 317, 318, 319, 320, 325, 326, 327], "summary": {"covered_lines": 11, "num_statements": 15, "percent_covered": 73.33333333333333, "percent_covered_display": "73", "missing_lines": 4, "excluded_lines": 0}, "missing_lines": [309, 332, 333, 334], "excluded_lines": []}, "ElevenLabsService.get_models": {"executed_lines": [346, 347, 349, 350, 351, 355, 356, 357, 358], "summary": {"covered_lines": 9, "num_statements": 15, "percent_covered": 60.0, "percent_covered_display": "60", "missing_lines": 6, "excluded_lines": 0}, "missing_lines": [363, 364, 365, 370, 371, 372], "excluded_lines": []}, "": {"executed_lines": [2, 3, 4, 5, 6, 7, 9, 12, 13, 15, 34, 38, 77, 118, 219, 301, 339, 379], "summary": {"covered_lines": 17, "num_statements": 17, "percent_covered": 100.0, "percent_covered_display": "100", "missing_lines": 0, "excluded_lines": 0}, "missing_lines": [], "excluded_lines": []}}, "classes": {"ElevenLabsService": {"executed_lines": [17, 18, 19, 26, 27, 28, 29, 31, 32, 36, 45, 46, 48, 49, 50, 54, 55, 56, 57, 58, 63, 64, 65, 70, 71, 72, 87, 90, 91, 92, 96, 97, 98, 99, 104, 105, 106, 139, 140, 143, 144, 145, 148, 149, 157, 158, 159, 165, 172, 177, 179, 180, 181, 183, 184, 187, 189, 191, 202, 203, 204, 205, 206, 207, 212, 213, 214, 242, 243, 246, 247, 248, 251, 252, 260, 261, 262, 268, 275, 280, 282, 283, 284, 287, 288, 289, 291, 293, 294, 295, 297, 298, 299, 308, 311, 312, 313, 317, 318, 319, 320, 325, 326, 327, 346, 347, 349, 350, 351, 355, 356, 357, 358], "summary": {"covered_lines": 113, "num_statements": 127, "percent_covered": 88.97637795275591, "percent_covered_display": "89", "missing_lines": 14, "excluded_lines": 0}, "missing_lines": [88, 111, 112, 113, 309, 332, 333, 334, 363, 364, 365, 370, 371, 372], "excluded_lines": []}, "": {"executed_lines": [2, 3, 4, 5, 6, 7, 9, 12, 13, 15, 34, 38, 77, 118, 219, 301, 339, 379], "summary": {"covered_lines": 17, "num_statements": 17, "percent_covered": 100.0, "percent_covered_display": "100", "missing_lines": 0, "excluded_lines": 0}, "missing_lines": [], "excluded_lines": []}}}}, "totals": {"covered_lines": 5310, "num_statements": 8626, "percent_covered": 61.55808022258289, "percent_covered_display": "62", "missing_lines": 3316, "excluded_lines": 0}}